# JRE version: Java(TM) SE Runtime Environment (8.0_92-b14) (build 1.8.0_92-b14)
# Java VM: Java HotSpot(TM) Client VM (25.92-b14 mixed mode windows-x86 )
Heap:
 def new generation   total 39424K, used 25357K [0x04800000, 0x072c0000, 0x0f2a0000)
  eden space 35072K,  72% used [0x04800000, 0x060c3530, 0x06a40000)
  from space 4352K,   0% used [0x06a40000, 0x06a40000, 0x06e80000)
  to   space 4352K,   0% used [0x06e80000, 0x06e80000, 0x072c0000)
 tenured generation   total 87424K, used 24974K [0x0f2a0000, 0x14800000, 0x24800000)
   the space 87424K,  28% used [0x0f2a0000, 0x10b03958, 0x10b03a00, 0x14800000)
 Metaspace       used 20119K, capacity 20602K, committed 20736K, reserved 20864K
GC Heap History (10 events):
Event: 1.750 GC heap before
{Heap before GC invocations=1 (full 0):
 def new generation   total 39296K, used 39296K [0x04800000, 0x072a0000, 0x0f2a0000)
  eden space 34944K, 100% used [0x04800000, 0x06a20000, 0x06a20000)
  from space 4352K, 100% used [0x06e60000, 0x072a0000, 0x072a0000)
  to   space 4352K,   0% used [0x06a20000, 0x06a20000, 0x06e60000)
 tenured generation   total 87424K, used 2774K [0x0f2a0000, 0x14800000, 0x24800000)
   the space 87424K,   3% used [0x0f2a0000, 0x0f555af0, 0x0f555c00, 0x14800000)
 Metaspace       used 11461K, capacity 11859K, committed 11904K, reserved 12672K
Event: 1.771 GC heap after
Heap after GC invocations=2 (full 0):
 def new generation   total 39296K, used 4352K [0x04800000, 0x072a0000, 0x0f2a0000)
  eden space 34944K,   0% used [0x04800000, 0x04800000, 0x06a20000)
  from space 4352K, 100% used [0x06a20000, 0x06e60000, 0x06e60000)
  to   space 4352K,   0% used [0x06e60000, 0x06e60000, 0x072a0000)
 tenured generation   total 87424K, used 8331K [0x0f2a0000, 0x14800000, 0x24800000)
   the space 87424K,   9% used [0x0f2a0000, 0x0fac2c20, 0x0fac2e00, 0x14800000)
 Metaspace       used 11461K, capacity 11859K, committed 11904K, reserved 12672K
}
Event: 2.105 GC heap before
{Heap before GC invocations=2 (full 0):
 def new generation   total 39296K, used 19095K [0x04800000, 0x072a0000, 0x0f2a0000)
  eden space 34944K,  42% used [0x04800000, 0x05665d60, 0x06a20000)
  from space 4352K, 100% used [0x06a20000, 0x06e60000, 0x06e60000)
  to   space 4352K,   0% used [0x06e60000, 0x06e60000, 0x072a0000)
 tenured generation   total 87424K, used 8331K [0x0f2a0000, 0x14800000, 0x24800000)
   the space 87424K,   9% used [0x0f2a0000, 0x0fac2c20, 0x0fac2e00, 0x14800000)
 Metaspace       used 11878K, capacity 12251K, committed 12288K, reserved 12672K
Event: 2.130 GC heap after
Heap after GC invocations=3 (full 1):
 def new generation   total 39424K, used 0K [0x04800000, 0x072c0000, 0x0f2a0000)
  eden space 35072K,   0% used [0x04800000, 0x04800000, 0x06a40000)
  from space 4352K,   0% used [0x06a40000, 0x06a40000, 0x06e80000)
  to   space 4352K,   0% used [0x06e80000, 0x06e80000, 0x072c0000)
 tenured generation   total 87424K, used 13101K [0x0f2a0000, 0x14800000, 0x24800000)
   the space 87424K,  14% used [0x0f2a0000, 0x0ff6b5f0, 0x0ff6b600, 0x14800000)
 Metaspace       used 11878K, capacity 12251K, committed 12288K, reserved 12672K
}
Event: 3.301 GC heap before
{Heap before GC invocations=3 (full 1):
 def new generation   total 39424K, used 35072K [0x04800000, 0x072c0000, 0x0f2a0000)
  eden space 35072K, 100% used [0x04800000, 0x06a40000, 0x06a40000)
  from space 4352K,   0% used [0x06a40000, 0x06a40000, 0x06e80000)
  to   space 4352K,   0% used [0x06e80000, 0x06e80000, 0x072c0000)
 tenured generation   total 87424K, used 13101K [0x0f2a0000, 0x14800000, 0x24800000)
   the space 87424K,  14% used [0x0f2a0000, 0x0ff6b5f0, 0x0ff6b600, 0x14800000)
 Metaspace       used 15718K, capacity 16154K, committed 16256K, reserved 16768K
Event: 3.314 GC heap after
Heap after GC invocations=4 (full 1):
 def new generation   total 39424K, used 4352K [0x04800000, 0x072c0000, 0x0f2a0000)
  eden space 35072K,   0% used [0x04800000, 0x04800000, 0x06a40000)
  from space 4352K, 100% used [0x06e80000, 0x072c0000, 0x072c0000)
  to   space 4352K,   0% used [0x06a40000, 0x06a40000, 0x06e80000)
 tenured generation   total 87424K, used 14592K [0x0f2a0000, 0x14800000, 0x24800000)
   the space 87424K,  16% used [0x0f2a0000, 0x100e0350, 0x100e0400, 0x14800000)
 Metaspace       used 15718K, capacity 16154K, committed 16256K, reserved 16768K
}
Event: 72.863 GC heap before
{Heap before GC invocations=4 (full 1):
 def new generation   total 39424K, used 39424K [0x04800000, 0x072c0000, 0x0f2a0000)
  eden space 35072K, 100% used [0x04800000, 0x06a40000, 0x06a40000)
  from space 4352K, 100% used [0x06e80000, 0x072c0000, 0x072c0000)
  to   space 4352K,   0% used [0x06a40000, 0x06a40000, 0x06e80000)
 tenured generation   total 87424K, used 14592K [0x0f2a0000, 0x14800000, 0x24800000)
   the space 87424K,  16% used [0x0f2a0000, 0x100e0350, 0x100e0400, 0x14800000)
 Metaspace       used 18383K, capacity 18890K, committed 18944K, reserved 19840K
Event: 72.879 GC heap after
Heap after GC invocations=5 (full 1):
 def new generation   total 39424K, used 4352K [0x04800000, 0x072c0000, 0x0f2a0000)
  eden space 35072K,   0% used [0x04800000, 0x04800000, 0x06a40000)
  from space 4352K, 100% used [0x06a40000, 0x06e80000, 0x06e80000)
  to   space 4352K,   0% used [0x06e80000, 0x06e80000, 0x072c0000)
 tenured generation   total 87424K, used 20205K [0x0f2a0000, 0x14800000, 0x24800000)
   the space 87424K,  23% used [0x0f2a0000, 0x1065b430, 0x1065b600, 0x14800000)
 Metaspace       used 18383K, capacity 18890K, committed 18944K, reserved 19840K
}
Event: 92.195 GC heap before
{Heap before GC invocations=5 (full 1):
 def new generation   total 39424K, used 25881K [0x04800000, 0x072c0000, 0x0f2a0000)
  eden space 35072K,  61% used [0x04800000, 0x05d064f0, 0x06a40000)
  from space 4352K, 100% used [0x06a40000, 0x06e80000, 0x06e80000)
  to   space 4352K,   0% used [0x06e80000, 0x06e80000, 0x072c0000)
 tenured generation   total 87424K, used 20205K [0x0f2a0000, 0x14800000, 0x24800000)
   the space 87424K,  23% used [0x0f2a0000, 0x1065b430, 0x1065b600, 0x14800000)
 Metaspace       used 19953K, capacity 20442K, committed 20480K, reserved 20864K
Event: 92.258 GC heap after
Heap after GC invocations=6 (full 2):
 def new generation   total 39424K, used 0K [0x04800000, 0x072c0000, 0x0f2a0000)
  eden space 35072K,   0% used [0x04800000, 0x04800000, 0x06a40000)
  from space 4352K,   0% used [0x06a40000, 0x06a40000, 0x06e80000)
  to   space 4352K,   0% used [0x06e80000, 0x06e80000, 0x072c0000)
 tenured generation   total 87424K, used 24974K [0x0f2a0000, 0x14800000, 0x24800000)
   the space 87424K,  28% used [0x0f2a0000, 0x10b03958, 0x10b03a00, 0x14800000)
 Metaspace       used 19953K, capacity 20442K, committed 20480K, reserved 20864K
}

