# JRE version: Java(TM) SE Runtime Environment (8.0_92-b14) (build 1.8.0_92-b14)
# Java VM: Java HotSpot(TM) Client VM (25.92-b14 mixed mode windows-x86 )
Heap:
 def new generation   total 39424K, used 23792K [0x04800000, 0x072c0000, 0x0f2a0000)
  eden space 35072K,  67% used [0x04800000, 0x05f3c058, 0x06a40000)
  from space 4352K,   0% used [0x06a40000, 0x06a40000, 0x06e80000)
  to   space 4352K,   0% used [0x06e80000, 0x06e80000, 0x072c0000)
 tenured generation   total 87424K, used 29631K [0x0f2a0000, 0x14800000, 0x24800000)
   the space 87424K,  33% used [0x0f2a0000, 0x10f8fce0, 0x10f8fe00, 0x14800000)
 Metaspace       used 20205K, capacity 20683K, committed 20736K, reserved 20864K
GC Heap History (10 events):
Event: 3.542 GC heap before
{Heap before GC invocations=3 (full 1):
 def new generation   total 39424K, used 35072K [0x04800000, 0x072c0000, 0x0f2a0000)
  eden space 35072K, 100% used [0x04800000, 0x06a40000, 0x06a40000)
  from space 4352K,   0% used [0x06a40000, 0x06a40000, 0x06e80000)
  to   space 4352K,   0% used [0x06e80000, 0x06e80000, 0x072c0000)
 tenured generation   total 87424K, used 13346K [0x0f2a0000, 0x14800000, 0x24800000)
   the space 87424K,  15% used [0x0f2a0000, 0x0ffa8a70, 0x0ffa8c00, 0x14800000)
 Metaspace       used 15707K, capacity 16154K, committed 16256K, reserved 16768K
Event: 3.552 GC heap after
Heap after GC invocations=4 (full 1):
 def new generation   total 39424K, used 4352K [0x04800000, 0x072c0000, 0x0f2a0000)
  eden space 35072K,   0% used [0x04800000, 0x04800000, 0x06a40000)
  from space 4352K, 100% used [0x06e80000, 0x072c0000, 0x072c0000)
  to   space 4352K,   0% used [0x06a40000, 0x06a40000, 0x06e80000)
 tenured generation   total 87424K, used 14772K [0x0f2a0000, 0x14800000, 0x24800000)
   the space 87424K,  16% used [0x0f2a0000, 0x1010d108, 0x1010d200, 0x14800000)
 Metaspace       used 15707K, capacity 16154K, committed 16256K, reserved 16768K
}
Event: 69.465 GC heap before
{Heap before GC invocations=4 (full 1):
 def new generation   total 39424K, used 39424K [0x04800000, 0x072c0000, 0x0f2a0000)
  eden space 35072K, 100% used [0x04800000, 0x06a40000, 0x06a40000)
  from space 4352K, 100% used [0x06e80000, 0x072c0000, 0x072c0000)
  to   space 4352K,   0% used [0x06a40000, 0x06a40000, 0x06e80000)
 tenured generation   total 87424K, used 14772K [0x0f2a0000, 0x14800000, 0x24800000)
   the space 87424K,  16% used [0x0f2a0000, 0x1010d108, 0x1010d200, 0x14800000)
 Metaspace       used 18359K, capacity 18836K, committed 18944K, reserved 19840K
Event: 69.484 GC heap after
Heap after GC invocations=5 (full 1):
 def new generation   total 39424K, used 4352K [0x04800000, 0x072c0000, 0x0f2a0000)
  eden space 35072K,   0% used [0x04800000, 0x04800000, 0x06a40000)
  from space 4352K, 100% used [0x06a40000, 0x06e80000, 0x06e80000)
  to   space 4352K,   0% used [0x06e80000, 0x06e80000, 0x072c0000)
 tenured generation   total 87424K, used 24753K [0x0f2a0000, 0x14800000, 0x24800000)
   the space 87424K,  28% used [0x0f2a0000, 0x10acc530, 0x10acc600, 0x14800000)
 Metaspace       used 18359K, capacity 18836K, committed 18944K, reserved 19840K
}
Event: 88.614 GC heap before
{Heap before GC invocations=5 (full 1):
 def new generation   total 39424K, used 39424K [0x04800000, 0x072c0000, 0x0f2a0000)
  eden space 35072K, 100% used [0x04800000, 0x06a40000, 0x06a40000)
  from space 4352K, 100% used [0x06a40000, 0x06e80000, 0x06e80000)
  to   space 4352K,   0% used [0x06e80000, 0x06e80000, 0x072c0000)
 tenured generation   total 87424K, used 24753K [0x0f2a0000, 0x14800000, 0x24800000)
   the space 87424K,  28% used [0x0f2a0000, 0x10acc530, 0x10acc600, 0x14800000)
 Metaspace       used 19812K, capacity 20311K, committed 20352K, reserved 20864K
Event: 88.635 GC heap after
Heap after GC invocations=6 (full 1):
 def new generation   total 39424K, used 3997K [0x04800000, 0x072c0000, 0x0f2a0000)
  eden space 35072K,   0% used [0x04800000, 0x04800000, 0x06a40000)
  from space 4352K,  91% used [0x06e80000, 0x072676b0, 0x072c0000)
  to   space 4352K,   0% used [0x06a40000, 0x06a40000, 0x06e80000)
 tenured generation   total 87424K, used 27955K [0x0f2a0000, 0x14800000, 0x24800000)
   the space 87424K,  31% used [0x0f2a0000, 0x10decdb8, 0x10dece00, 0x14800000)
 Metaspace       used 19812K, capacity 20311K, committed 20352K, reserved 20864K
}
Event: 111.240 GC heap before
{Heap before GC invocations=6 (full 1):
 def new generation   total 39424K, used 39069K [0x04800000, 0x072c0000, 0x0f2a0000)
  eden space 35072K, 100% used [0x04800000, 0x06a40000, 0x06a40000)
  from space 4352K,  91% used [0x06e80000, 0x072676b0, 0x072c0000)
  to   space 4352K,   0% used [0x06a40000, 0x06a40000, 0x06e80000)
 tenured generation   total 87424K, used 27955K [0x0f2a0000, 0x14800000, 0x24800000)
   the space 87424K,  31% used [0x0f2a0000, 0x10decdb8, 0x10dece00, 0x14800000)
 Metaspace       used 19838K, capacity 20311K, committed 20352K, reserved 20864K
Event: 111.255 GC heap after
Heap after GC invocations=7 (full 1):
 def new generation   total 39424K, used 2338K [0x04800000, 0x072c0000, 0x0f2a0000)
  eden space 35072K,   0% used [0x04800000, 0x04800000, 0x06a40000)
  from space 4352K,  53% used [0x06a40000, 0x06c88bf0, 0x06e80000)
  to   space 4352K,   0% used [0x06e80000, 0x06e80000, 0x072c0000)
 tenured generation   total 87424K, used 30339K [0x0f2a0000, 0x14800000, 0x24800000)
   the space 87424K,  34% used [0x0f2a0000, 0x11040c78, 0x11040e00, 0x14800000)
 Metaspace       used 19838K, capacity 20311K, committed 20352K, reserved 20864K
}
Event: 136.985 GC heap before
{Heap before GC invocations=7 (full 1):
 def new generation   total 39424K, used 11071K [0x04800000, 0x072c0000, 0x0f2a0000)
  eden space 35072K,  24% used [0x04800000, 0x050870e8, 0x06a40000)
  from space 4352K,  53% used [0x06a40000, 0x06c88bf0, 0x06e80000)
  to   space 4352K,   0% used [0x06e80000, 0x06e80000, 0x072c0000)
 tenured generation   total 87424K, used 30339K [0x0f2a0000, 0x14800000, 0x24800000)
   the space 87424K,  34% used [0x0f2a0000, 0x11040c78, 0x11040e00, 0x14800000)
 Metaspace       used 19980K, capacity 20474K, committed 20480K, reserved 20864K
Event: 137.040 GC heap after
Heap after GC invocations=8 (full 2):
 def new generation   total 39424K, used 0K [0x04800000, 0x072c0000, 0x0f2a0000)
  eden space 35072K,   0% used [0x04800000, 0x04800000, 0x06a40000)
  from space 4352K,   0% used [0x06a40000, 0x06a40000, 0x06e80000)
  to   space 4352K,   0% used [0x06e80000, 0x06e80000, 0x072c0000)
 tenured generation   total 87424K, used 29631K [0x0f2a0000, 0x14800000, 0x24800000)
   the space 87424K,  33% used [0x0f2a0000, 0x10f8fce0, 0x10f8fe00, 0x14800000)
 Metaspace       used 19973K, capacity 20456K, committed 20480K, reserved 20864K
}

