# JRE version: Java(TM) SE Runtime Environment (8.0_92-b14) (build 1.8.0_92-b14)
# Java VM: Java HotSpot(TM) Client VM (25.92-b14 mixed mode windows-x86 )
Heap:
 def new generation   total 39424K, used 20162K [0x04600000, 0x070c0000, 0x0f0a0000)
  eden space 35072K,  47% used [0x04600000, 0x05646d40, 0x06840000)
  from space 4352K,  80% used [0x06c80000, 0x06fe9df8, 0x070c0000)
  to   space 4352K,   0% used [0x06840000, 0x06840000, 0x06c80000)
 tenured generation   total 87424K, used 28630K [0x0f0a0000, 0x14600000, 0x24600000)
   the space 87424K,  32% used [0x0f0a0000, 0x10c958e8, 0x10c95a00, 0x14600000)
 Metaspace       used 19851K, capacity 20333K, committed 20608K, reserved 20864K
GC Heap History (10 events):
Event: 78.110 GC heap before
{Heap before GC invocations=4 (full 1):
 def new generation   total 39424K, used 39416K [0x04600000, 0x070c0000, 0x0f0a0000)
  eden space 35072K,  99% used [0x04600000, 0x0683e3b0, 0x06840000)
  from space 4352K, 100% used [0x06c80000, 0x070c0000, 0x070c0000)
  to   space 4352K,   0% used [0x06840000, 0x06840000, 0x06c80000)
 tenured generation   total 87424K, used 14557K [0x0f0a0000, 0x14600000, 0x24600000)
   the space 87424K,  16% used [0x0f0a0000, 0x0fed7538, 0x0fed7600, 0x14600000)
 Metaspace       used 18927K, capacity 19395K, committed 19456K, reserved 19840K
Event: 78.140 GC heap after
Heap after GC invocations=5 (full 1):
 def new generation   total 39424K, used 4352K [0x04600000, 0x070c0000, 0x0f0a0000)
  eden space 35072K,   0% used [0x04600000, 0x04600000, 0x06840000)
  from space 4352K, 100% used [0x06840000, 0x06c80000, 0x06c80000)
  to   space 4352K,   0% used [0x06c80000, 0x06c80000, 0x070c0000)
 tenured generation   total 87424K, used 20051K [0x0f0a0000, 0x14600000, 0x24600000)
   the space 87424K,  22% used [0x0f0a0000, 0x10434ff8, 0x10435000, 0x14600000)
 Metaspace       used 18927K, capacity 19395K, committed 19456K, reserved 19840K
}
Event: 404.742 GC heap before
{Heap before GC invocations=5 (full 1):
 def new generation   total 39424K, used 38831K [0x04600000, 0x070c0000, 0x0f0a0000)
  eden space 35072K,  98% used [0x04600000, 0x067abd08, 0x06840000)
  from space 4352K, 100% used [0x06840000, 0x06c80000, 0x06c80000)
  to   space 4352K,   0% used [0x06c80000, 0x06c80000, 0x070c0000)
 tenured generation   total 87424K, used 20051K [0x0f0a0000, 0x14600000, 0x24600000)
   the space 87424K,  22% used [0x0f0a0000, 0x10434ff8, 0x10435000, 0x14600000)
 Metaspace       used 19939K, capacity 20439K, committed 20480K, reserved 20864K
Event: 404.756 GC heap after
Heap after GC invocations=6 (full 1):
 def new generation   total 39424K, used 2871K [0x04600000, 0x070c0000, 0x0f0a0000)
  eden space 35072K,   0% used [0x04600000, 0x04600000, 0x06840000)
  from space 4352K,  65% used [0x06c80000, 0x06f4de10, 0x070c0000)
  to   space 4352K,   0% used [0x06840000, 0x06840000, 0x06c80000)
 tenured generation   total 87424K, used 24159K [0x0f0a0000, 0x14600000, 0x24600000)
   the space 87424K,  27% used [0x0f0a0000, 0x10837ea8, 0x10838000, 0x14600000)
 Metaspace       used 19939K, capacity 20439K, committed 20480K, reserved 20864K
}
Event: 409.028 GC heap before
{Heap before GC invocations=6 (full 1):
 def new generation   total 39424K, used 9736K [0x04600000, 0x070c0000, 0x0f0a0000)
  eden space 35072K,  19% used [0x04600000, 0x04cb43d0, 0x06840000)
  from space 4352K,  65% used [0x06c80000, 0x06f4de10, 0x070c0000)
  to   space 4352K,   0% used [0x06840000, 0x06840000, 0x06c80000)
 tenured generation   total 87424K, used 24159K [0x0f0a0000, 0x14600000, 0x24600000)
   the space 87424K,  27% used [0x0f0a0000, 0x10837ea8, 0x10838000, 0x14600000)
 Metaspace       used 19951K, capacity 20439K, committed 20480K, reserved 20864K
Event: 409.124 GC heap after
Heap after GC invocations=7 (full 2):
 def new generation   total 39424K, used 0K [0x04600000, 0x070c0000, 0x0f0a0000)
  eden space 35072K,   0% used [0x04600000, 0x04600000, 0x06840000)
  from space 4352K,   0% used [0x06c80000, 0x06c80000, 0x070c0000)
  to   space 4352K,   0% used [0x06840000, 0x06840000, 0x06c80000)
 tenured generation   total 87424K, used 24534K [0x0f0a0000, 0x14600000, 0x24600000)
   the space 87424K,  28% used [0x0f0a0000, 0x108958c8, 0x10895a00, 0x14600000)
 Metaspace       used 19811K, capacity 20257K, committed 20480K, reserved 20864K
}
Event: 439.789 GC heap before
{Heap before GC invocations=7 (full 2):
 def new generation   total 39424K, used 35072K [0x04600000, 0x070c0000, 0x0f0a0000)
  eden space 35072K, 100% used [0x04600000, 0x06840000, 0x06840000)
  from space 4352K,   0% used [0x06c80000, 0x06c80000, 0x070c0000)
  to   space 4352K,   0% used [0x06840000, 0x06840000, 0x06c80000)
 tenured generation   total 87424K, used 24534K [0x0f0a0000, 0x14600000, 0x24600000)
   the space 87424K,  28% used [0x0f0a0000, 0x108958c8, 0x10895a00, 0x14600000)
 Metaspace       used 19845K, capacity 20323K, committed 20608K, reserved 20864K
Event: 439.797 GC heap after
Heap after GC invocations=8 (full 2):
 def new generation   total 39424K, used 1224K [0x04600000, 0x070c0000, 0x0f0a0000)
  eden space 35072K,   0% used [0x04600000, 0x04600000, 0x06840000)
  from space 4352K,  28% used [0x06840000, 0x06972310, 0x06c80000)
  to   space 4352K,   0% used [0x06c80000, 0x06c80000, 0x070c0000)
 tenured generation   total 87424K, used 24534K [0x0f0a0000, 0x14600000, 0x24600000)
   the space 87424K,  28% used [0x0f0a0000, 0x108958c8, 0x10895a00, 0x14600000)
 Metaspace       used 19845K, capacity 20323K, committed 20608K, reserved 20864K
}
Event: 545.952 GC heap before
{Heap before GC invocations=8 (full 2):
 def new generation   total 39424K, used 36296K [0x04600000, 0x070c0000, 0x0f0a0000)
  eden space 35072K, 100% used [0x04600000, 0x06840000, 0x06840000)
  from space 4352K,  28% used [0x06840000, 0x06972310, 0x06c80000)
  to   space 4352K,   0% used [0x06c80000, 0x06c80000, 0x070c0000)
 tenured generation   total 87424K, used 24534K [0x0f0a0000, 0x14600000, 0x24600000)
   the space 87424K,  28% used [0x0f0a0000, 0x108958c8, 0x10895a00, 0x14600000)
 Metaspace       used 19850K, capacity 20333K, committed 20608K, reserved 20864K
Event: 545.966 GC heap after
Heap after GC invocations=9 (full 2):
 def new generation   total 39424K, used 3495K [0x04600000, 0x070c0000, 0x0f0a0000)
  eden space 35072K,   0% used [0x04600000, 0x04600000, 0x06840000)
  from space 4352K,  80% used [0x06c80000, 0x06fe9df8, 0x070c0000)
  to   space 4352K,   0% used [0x06840000, 0x06840000, 0x06c80000)
 tenured generation   total 87424K, used 28630K [0x0f0a0000, 0x14600000, 0x24600000)
   the space 87424K,  32% used [0x0f0a0000, 0x10c958e8, 0x10c95a00, 0x14600000)
 Metaspace       used 19850K, capacity 20333K, committed 20608K, reserved 20864K
}

