# JRE version: Java(TM) SE Runtime Environment (8.0_92-b14) (build 1.8.0_92-b14)
# Java VM: Java HotSpot(TM) Client VM (25.92-b14 mixed mode windows-x86 )
Heap:
 def new generation   total 39424K, used 13754K [0x04600000, 0x070c0000, 0x0f0a0000)
  eden space 35072K,  38% used [0x04600000, 0x05305d68, 0x06840000)
  from space 4352K,   9% used [0x06c80000, 0x06ce8c78, 0x070c0000)
  to   space 4352K,   0% used [0x06840000, 0x06840000, 0x06c80000)
 tenured generation   total 87424K, used 72074K [0x0f0a0000, 0x14600000, 0x24600000)
   the space 87424K,  82% used [0x0f0a0000, 0x13702930, 0x13702a00, 0x14600000)
 Metaspace       used 20235K, capacity 20735K, committed 20736K, reserved 20864K
GC Heap History (10 events):
Event: 2107.028 GC heap before
{Heap before GC invocations=53 (full 1):
 def new generation   total 39424K, used 35074K [0x04600000, 0x070c0000, 0x0f0a0000)
  eden space 35072K, 100% used [0x04600000, 0x06840000, 0x06840000)
  from space 4352K,   0% used [0x06840000, 0x06840a18, 0x06c80000)
  to   space 4352K,   0% used [0x06c80000, 0x06c80000, 0x070c0000)
 tenured generation   total 87424K, used 72074K [0x0f0a0000, 0x14600000, 0x24600000)
   the space 87424K,  82% used [0x0f0a0000, 0x13702930, 0x13702a00, 0x14600000)
 Metaspace       used 20208K, capacity 20732K, committed 20736K, reserved 20864K
Event: 2107.029 GC heap after
Heap after GC invocations=54 (full 1):
 def new generation   total 39424K, used 2K [0x04600000, 0x070c0000, 0x0f0a0000)
  eden space 35072K,   0% used [0x04600000, 0x04600000, 0x06840000)
  from space 4352K,   0% used [0x06c80000, 0x06c80a08, 0x070c0000)
  to   space 4352K,   0% used [0x06840000, 0x06840000, 0x06c80000)
 tenured generation   total 87424K, used 72074K [0x0f0a0000, 0x14600000, 0x24600000)
   the space 87424K,  82% used [0x0f0a0000, 0x13702930, 0x13702a00, 0x14600000)
 Metaspace       used 20208K, capacity 20732K, committed 20736K, reserved 20864K
}
Event: 2110.175 GC heap before
{Heap before GC invocations=54 (full 1):
 def new generation   total 39424K, used 35074K [0x04600000, 0x070c0000, 0x0f0a0000)
  eden space 35072K, 100% used [0x04600000, 0x06840000, 0x06840000)
  from space 4352K,   0% used [0x06c80000, 0x06c80a08, 0x070c0000)
  to   space 4352K,   0% used [0x06840000, 0x06840000, 0x06c80000)
 tenured generation   total 87424K, used 72074K [0x0f0a0000, 0x14600000, 0x24600000)
   the space 87424K,  82% used [0x0f0a0000, 0x13702930, 0x13702a00, 0x14600000)
 Metaspace       used 20208K, capacity 20732K, committed 20736K, reserved 20864K
Event: 2110.176 GC heap after
Heap after GC invocations=55 (full 1):
 def new generation   total 39424K, used 2K [0x04600000, 0x070c0000, 0x0f0a0000)
  eden space 35072K,   0% used [0x04600000, 0x04600000, 0x06840000)
  from space 4352K,   0% used [0x06840000, 0x06840a18, 0x06c80000)
  to   space 4352K,   0% used [0x06c80000, 0x06c80000, 0x070c0000)
 tenured generation   total 87424K, used 72074K [0x0f0a0000, 0x14600000, 0x24600000)
   the space 87424K,  82% used [0x0f0a0000, 0x13702930, 0x13702a00, 0x14600000)
 Metaspace       used 20208K, capacity 20732K, committed 20736K, reserved 20864K
}
Event: 2113.329 GC heap before
{Heap before GC invocations=55 (full 1):
 def new generation   total 39424K, used 35074K [0x04600000, 0x070c0000, 0x0f0a0000)
  eden space 35072K, 100% used [0x04600000, 0x06840000, 0x06840000)
  from space 4352K,   0% used [0x06840000, 0x06840a18, 0x06c80000)
  to   space 4352K,   0% used [0x06c80000, 0x06c80000, 0x070c0000)
 tenured generation   total 87424K, used 72074K [0x0f0a0000, 0x14600000, 0x24600000)
   the space 87424K,  82% used [0x0f0a0000, 0x13702930, 0x13702a00, 0x14600000)
 Metaspace       used 20208K, capacity 20732K, committed 20736K, reserved 20864K
Event: 2113.331 GC heap after
Heap after GC invocations=56 (full 1):
 def new generation   total 39424K, used 2K [0x04600000, 0x070c0000, 0x0f0a0000)
  eden space 35072K,   0% used [0x04600000, 0x04600000, 0x06840000)
  from space 4352K,   0% used [0x06c80000, 0x06c80a18, 0x070c0000)
  to   space 4352K,   0% used [0x06840000, 0x06840000, 0x06c80000)
 tenured generation   total 87424K, used 72074K [0x0f0a0000, 0x14600000, 0x24600000)
   the space 87424K,  82% used [0x0f0a0000, 0x13702930, 0x13702a00, 0x14600000)
 Metaspace       used 20208K, capacity 20732K, committed 20736K, reserved 20864K
}
Event: 2116.412 GC heap before
{Heap before GC invocations=56 (full 1):
 def new generation   total 39424K, used 35074K [0x04600000, 0x070c0000, 0x0f0a0000)
  eden space 35072K,  99% used [0x04600000, 0x0683fff8, 0x06840000)
  from space 4352K,   0% used [0x06c80000, 0x06c80a18, 0x070c0000)
  to   space 4352K,   0% used [0x06840000, 0x06840000, 0x06c80000)
 tenured generation   total 87424K, used 72074K [0x0f0a0000, 0x14600000, 0x24600000)
   the space 87424K,  82% used [0x0f0a0000, 0x13702930, 0x13702a00, 0x14600000)
 Metaspace       used 20208K, capacity 20732K, committed 20736K, reserved 20864K
Event: 2116.413 GC heap after
Heap after GC invocations=57 (full 1):
 def new generation   total 39424K, used 3K [0x04600000, 0x070c0000, 0x0f0a0000)
  eden space 35072K,   0% used [0x04600000, 0x04600000, 0x06840000)
  from space 4352K,   0% used [0x06840000, 0x06840db0, 0x06c80000)
  to   space 4352K,   0% used [0x06c80000, 0x06c80000, 0x070c0000)
 tenured generation   total 87424K, used 72074K [0x0f0a0000, 0x14600000, 0x24600000)
   the space 87424K,  82% used [0x0f0a0000, 0x13702930, 0x13702a00, 0x14600000)
 Metaspace       used 20208K, capacity 20732K, committed 20736K, reserved 20864K
}
Event: 2156.912 GC heap before
{Heap before GC invocations=57 (full 1):
 def new generation   total 39424K, used 35063K [0x04600000, 0x070c0000, 0x0f0a0000)
  eden space 35072K,  99% used [0x04600000, 0x0683cec8, 0x06840000)
  from space 4352K,   0% used [0x06840000, 0x06840db0, 0x06c80000)
  to   space 4352K,   0% used [0x06c80000, 0x06c80000, 0x070c0000)
 tenured generation   total 87424K, used 72074K [0x0f0a0000, 0x14600000, 0x24600000)
   the space 87424K,  82% used [0x0f0a0000, 0x13702930, 0x13702a00, 0x14600000)
 Metaspace       used 20210K, capacity 20735K, committed 20736K, reserved 20864K
Event: 2156.914 GC heap after
Heap after GC invocations=58 (full 1):
 def new generation   total 39424K, used 419K [0x04600000, 0x070c0000, 0x0f0a0000)
  eden space 35072K,   0% used [0x04600000, 0x04600000, 0x06840000)
  from space 4352K,   9% used [0x06c80000, 0x06ce8c78, 0x070c0000)
  to   space 4352K,   0% used [0x06840000, 0x06840000, 0x06c80000)
 tenured generation   total 87424K, used 72074K [0x0f0a0000, 0x14600000, 0x24600000)
   the space 87424K,  82% used [0x0f0a0000, 0x13702930, 0x13702a00, 0x14600000)
 Metaspace       used 20210K, capacity 20735K, committed 20736K, reserved 20864K
}

