# JRE version: Java(TM) SE Runtime Environment (8.0_92-b14) (build 1.8.0_92-b14)
# Java VM: Java HotSpot(TM) Client VM (25.92-b14 mixed mode windows-x86 )
Heap:
 def new generation   total 39424K, used 21743K [0x04600000, 0x070c0000, 0x0f0a0000)
  eden space 35072K,  49% used [0x04600000, 0x056fbc00, 0x06840000)
  from space 4352K, 100% used [0x06840000, 0x06c80000, 0x06c80000)
  to   space 4352K,   0% used [0x06c80000, 0x06c80000, 0x070c0000)
 tenured generation   total 87424K, used 19975K [0x0f0a0000, 0x14600000, 0x24600000)
   the space 87424K,  22% used [0x0f0a0000, 0x10421cc8, 0x10421e00, 0x14600000)
 Metaspace       used 19431K, capacity 19895K, committed 19968K, reserved 20864K
GC Heap History (10 events):
Event: 1.148 GC heap before
{Heap before GC invocations=0 (full 0):
 def new generation   total 39296K, used 34944K [0x04600000, 0x070a0000, 0x0f0a0000)
  eden space 34944K, 100% used [0x04600000, 0x06820000, 0x06820000)
  from space 4352K,   0% used [0x06820000, 0x06820000, 0x06c60000)
  to   space 4352K,   0% used [0x06c60000, 0x06c60000, 0x070a0000)
 tenured generation   total 87424K, used 0K [0x0f0a0000, 0x14600000, 0x24600000)
   the space 87424K,   0% used [0x0f0a0000, 0x0f0a0000, 0x0f0a0200, 0x14600000)
 Metaspace       used 9905K, capacity 10088K, committed 10112K, reserved 10624K
Event: 1.162 GC heap after
Heap after GC invocations=1 (full 0):
 def new generation   total 39296K, used 4352K [0x04600000, 0x070a0000, 0x0f0a0000)
  eden space 34944K,   0% used [0x04600000, 0x04600000, 0x06820000)
  from space 4352K, 100% used [0x06c60000, 0x070a0000, 0x070a0000)
  to   space 4352K,   0% used [0x06820000, 0x06820000, 0x06c60000)
 tenured generation   total 87424K, used 2789K [0x0f0a0000, 0x14600000, 0x24600000)
   the space 87424K,   3% used [0x0f0a0000, 0x0f359470, 0x0f359600, 0x14600000)
 Metaspace       used 9905K, capacity 10088K, committed 10112K, reserved 10624K
}
Event: 1.711 GC heap before
{Heap before GC invocations=1 (full 0):
 def new generation   total 39296K, used 39296K [0x04600000, 0x070a0000, 0x0f0a0000)
  eden space 34944K, 100% used [0x04600000, 0x06820000, 0x06820000)
  from space 4352K, 100% used [0x06c60000, 0x070a0000, 0x070a0000)
  to   space 4352K,   0% used [0x06820000, 0x06820000, 0x06c60000)
 tenured generation   total 87424K, used 2789K [0x0f0a0000, 0x14600000, 0x24600000)
   the space 87424K,   3% used [0x0f0a0000, 0x0f359470, 0x0f359600, 0x14600000)
 Metaspace       used 11463K, capacity 11859K, committed 11904K, reserved 12672K
Event: 1.733 GC heap after
Heap after GC invocations=2 (full 0):
 def new generation   total 39296K, used 4352K [0x04600000, 0x070a0000, 0x0f0a0000)
  eden space 34944K,   0% used [0x04600000, 0x04600000, 0x06820000)
  from space 4352K, 100% used [0x06820000, 0x06c60000, 0x06c60000)
  to   space 4352K,   0% used [0x06c60000, 0x06c60000, 0x070a0000)
 tenured generation   total 87424K, used 8306K [0x0f0a0000, 0x14600000, 0x24600000)
   the space 87424K,   9% used [0x0f0a0000, 0x0f8bcbd0, 0x0f8bcc00, 0x14600000)
 Metaspace       used 11463K, capacity 11859K, committed 11904K, reserved 12672K
}
Event: 2.071 GC heap before
{Heap before GC invocations=2 (full 0):
 def new generation   total 39296K, used 19715K [0x04600000, 0x070a0000, 0x0f0a0000)
  eden space 34944K,  43% used [0x04600000, 0x05500d68, 0x06820000)
  from space 4352K, 100% used [0x06820000, 0x06c60000, 0x06c60000)
  to   space 4352K,   0% used [0x06c60000, 0x06c60000, 0x070a0000)
 tenured generation   total 87424K, used 8306K [0x0f0a0000, 0x14600000, 0x24600000)
   the space 87424K,   9% used [0x0f0a0000, 0x0f8bcbd0, 0x0f8bcc00, 0x14600000)
 Metaspace       used 11854K, capacity 12243K, committed 12288K, reserved 12672K
Event: 2.098 GC heap after
Heap after GC invocations=3 (full 1):
 def new generation   total 39424K, used 0K [0x04600000, 0x070c0000, 0x0f0a0000)
  eden space 35072K,   0% used [0x04600000, 0x04600000, 0x06840000)
  from space 4352K,   0% used [0x06840000, 0x06840000, 0x06c80000)
  to   space 4352K,   0% used [0x06c80000, 0x06c80000, 0x070c0000)
 tenured generation   total 87424K, used 13081K [0x0f0a0000, 0x14600000, 0x24600000)
   the space 87424K,  14% used [0x0f0a0000, 0x0fd66448, 0x0fd66600, 0x14600000)
 Metaspace       used 11854K, capacity 12243K, committed 12288K, reserved 12672K
}
Event: 3.244 GC heap before
{Heap before GC invocations=3 (full 1):
 def new generation   total 39424K, used 35072K [0x04600000, 0x070c0000, 0x0f0a0000)
  eden space 35072K, 100% used [0x04600000, 0x06840000, 0x06840000)
  from space 4352K,   0% used [0x06840000, 0x06840000, 0x06c80000)
  to   space 4352K,   0% used [0x06c80000, 0x06c80000, 0x070c0000)
 tenured generation   total 87424K, used 13081K [0x0f0a0000, 0x14600000, 0x24600000)
   the space 87424K,  14% used [0x0f0a0000, 0x0fd66448, 0x0fd66600, 0x14600000)
 Metaspace       used 15708K, capacity 16154K, committed 16256K, reserved 16768K
Event: 3.253 GC heap after
Heap after GC invocations=4 (full 1):
 def new generation   total 39424K, used 4352K [0x04600000, 0x070c0000, 0x0f0a0000)
  eden space 35072K,   0% used [0x04600000, 0x04600000, 0x06840000)
  from space 4352K, 100% used [0x06c80000, 0x070c0000, 0x070c0000)
  to   space 4352K,   0% used [0x06840000, 0x06840000, 0x06c80000)
 tenured generation   total 87424K, used 14551K [0x0f0a0000, 0x14600000, 0x24600000)
   the space 87424K,  16% used [0x0f0a0000, 0x0fed5fc0, 0x0fed6000, 0x14600000)
 Metaspace       used 15708K, capacity 16154K, committed 16256K, reserved 16768K
}
Event: 68.167 GC heap before
{Heap before GC invocations=4 (full 1):
 def new generation   total 39424K, used 39424K [0x04600000, 0x070c0000, 0x0f0a0000)
  eden space 35072K, 100% used [0x04600000, 0x06840000, 0x06840000)
  from space 4352K, 100% used [0x06c80000, 0x070c0000, 0x070c0000)
  to   space 4352K,   0% used [0x06840000, 0x06840000, 0x06c80000)
 tenured generation   total 87424K, used 14551K [0x0f0a0000, 0x14600000, 0x24600000)
   the space 87424K,  16% used [0x0f0a0000, 0x0fed5fc0, 0x0fed6000, 0x14600000)
 Metaspace       used 18949K, capacity 19412K, committed 19456K, reserved 19840K
Event: 68.183 GC heap after
Heap after GC invocations=5 (full 1):
 def new generation   total 39424K, used 4352K [0x04600000, 0x070c0000, 0x0f0a0000)
  eden space 35072K,   0% used [0x04600000, 0x04600000, 0x06840000)
  from space 4352K, 100% used [0x06840000, 0x06c80000, 0x06c80000)
  to   space 4352K,   0% used [0x06c80000, 0x06c80000, 0x070c0000)
 tenured generation   total 87424K, used 19975K [0x0f0a0000, 0x14600000, 0x24600000)
   the space 87424K,  22% used [0x0f0a0000, 0x10421cc8, 0x10421e00, 0x14600000)
 Metaspace       used 18949K, capacity 19412K, committed 19456K, reserved 19840K
}

