# JRE version: Java(TM) SE Runtime Environment (8.0_92-b14) (build 1.8.0_92-b14)
# Java VM: Java HotSpot(TM) Client VM (25.92-b14 mixed mode windows-x86 )
Heap:
 def new generation   total 39424K, used 30027K [0x04800000, 0x072c0000, 0x0f2a0000)
  eden space 35072K,  85% used [0x04800000, 0x0654f908, 0x06a40000)
  from space 4352K,   0% used [0x06e80000, 0x06e83388, 0x072c0000)
  to   space 4352K,   0% used [0x06a40000, 0x06a40000, 0x06e80000)
 tenured generation   total 87424K, used 50393K [0x0f2a0000, 0x14800000, 0x24800000)
   the space 87424K,  57% used [0x0f2a0000, 0x123d67e8, 0x123d6800, 0x14800000)
 Metaspace       used 20550K, capacity 21338K, committed 21376K, reserved 21888K
GC Heap History (10 events):
Event: 2461.154 GC heap before
{Heap before GC invocations=16 (full 2):
 def new generation   total 39424K, used 39424K [0x04800000, 0x072c0000, 0x0f2a0000)
  eden space 35072K, 100% used [0x04800000, 0x06a40000, 0x06a40000)
  from space 4352K, 100% used [0x06a40000, 0x06e80000, 0x06e80000)
  to   space 4352K,   0% used [0x06e80000, 0x06e80000, 0x072c0000)
 tenured generation   total 87424K, used 39941K [0x0f2a0000, 0x14800000, 0x24800000)
   the space 87424K,  45% used [0x0f2a0000, 0x119a14f0, 0x119a1600, 0x14800000)
 Metaspace       used 20550K, capacity 21338K, committed 21376K, reserved 21888K
Event: 2461.167 GC heap after
Heap after GC invocations=17 (full 2):
 def new generation   total 39424K, used 4352K [0x04800000, 0x072c0000, 0x0f2a0000)
  eden space 35072K,   0% used [0x04800000, 0x04800000, 0x06a40000)
  from space 4352K, 100% used [0x06e80000, 0x072c0000, 0x072c0000)
  to   space 4352K,   0% used [0x06a40000, 0x06a40000, 0x06e80000)
 tenured generation   total 87424K, used 42033K [0x0f2a0000, 0x14800000, 0x24800000)
   the space 87424K,  48% used [0x0f2a0000, 0x11bac6c0, 0x11bac800, 0x14800000)
 Metaspace       used 20550K, capacity 21338K, committed 21376K, reserved 21888K
}
Event: 2626.437 GC heap before
{Heap before GC invocations=17 (full 2):
 def new generation   total 39424K, used 39424K [0x04800000, 0x072c0000, 0x0f2a0000)
  eden space 35072K, 100% used [0x04800000, 0x06a40000, 0x06a40000)
  from space 4352K, 100% used [0x06e80000, 0x072c0000, 0x072c0000)
  to   space 4352K,   0% used [0x06a40000, 0x06a40000, 0x06e80000)
 tenured generation   total 87424K, used 42033K [0x0f2a0000, 0x14800000, 0x24800000)
   the space 87424K,  48% used [0x0f2a0000, 0x11bac6c0, 0x11bac800, 0x14800000)
 Metaspace       used 20550K, capacity 21338K, committed 21376K, reserved 21888K
Event: 2626.448 GC heap after
Heap after GC invocations=18 (full 2):
 def new generation   total 39424K, used 4187K [0x04800000, 0x072c0000, 0x0f2a0000)
  eden space 35072K,   0% used [0x04800000, 0x04800000, 0x06a40000)
  from space 4352K,  96% used [0x06a40000, 0x06e56e60, 0x06e80000)
  to   space 4352K,   0% used [0x06e80000, 0x06e80000, 0x072c0000)
 tenured generation   total 87424K, used 46268K [0x0f2a0000, 0x14800000, 0x24800000)
   the space 87424K,  52% used [0x0f2a0000, 0x11fcf168, 0x11fcf200, 0x14800000)
 Metaspace       used 20550K, capacity 21338K, committed 21376K, reserved 21888K
}
Event: 2931.873 GC heap before
{Heap before GC invocations=18 (full 2):
 def new generation   total 39424K, used 39259K [0x04800000, 0x072c0000, 0x0f2a0000)
  eden space 35072K, 100% used [0x04800000, 0x06a40000, 0x06a40000)
  from space 4352K,  96% used [0x06a40000, 0x06e56e60, 0x06e80000)
  to   space 4352K,   0% used [0x06e80000, 0x06e80000, 0x072c0000)
 tenured generation   total 87424K, used 46268K [0x0f2a0000, 0x14800000, 0x24800000)
   the space 87424K,  52% used [0x0f2a0000, 0x11fcf168, 0x11fcf200, 0x14800000)
 Metaspace       used 20550K, capacity 21338K, committed 21376K, reserved 21888K
Event: 2931.878 GC heap after
Heap after GC invocations=19 (full 2):
 def new generation   total 39424K, used 3K [0x04800000, 0x072c0000, 0x0f2a0000)
  eden space 35072K,   0% used [0x04800000, 0x04800000, 0x06a40000)
  from space 4352K,   0% used [0x06e80000, 0x06e80c90, 0x072c0000)
  to   space 4352K,   0% used [0x06a40000, 0x06a40000, 0x06e80000)
 tenured generation   total 87424K, used 50393K [0x0f2a0000, 0x14800000, 0x24800000)
   the space 87424K,  57% used [0x0f2a0000, 0x123d67e8, 0x123d6800, 0x14800000)
 Metaspace       used 20550K, capacity 21338K, committed 21376K, reserved 21888K
}
Event: 3242.685 GC heap before
{Heap before GC invocations=19 (full 2):
 def new generation   total 39424K, used 35075K [0x04800000, 0x072c0000, 0x0f2a0000)
  eden space 35072K, 100% used [0x04800000, 0x06a40000, 0x06a40000)
  from space 4352K,   0% used [0x06e80000, 0x06e80c90, 0x072c0000)
  to   space 4352K,   0% used [0x06a40000, 0x06a40000, 0x06e80000)
 tenured generation   total 87424K, used 50393K [0x0f2a0000, 0x14800000, 0x24800000)
   the space 87424K,  57% used [0x0f2a0000, 0x123d67e8, 0x123d6800, 0x14800000)
 Metaspace       used 20550K, capacity 21338K, committed 21376K, reserved 21888K
Event: 3242.691 GC heap after
Heap after GC invocations=20 (full 2):
 def new generation   total 39424K, used 2K [0x04800000, 0x072c0000, 0x0f2a0000)
  eden space 35072K,   0% used [0x04800000, 0x04800000, 0x06a40000)
  from space 4352K,   0% used [0x06a40000, 0x06a40838, 0x06e80000)
  to   space 4352K,   0% used [0x06e80000, 0x06e80000, 0x072c0000)
 tenured generation   total 87424K, used 50393K [0x0f2a0000, 0x14800000, 0x24800000)
   the space 87424K,  57% used [0x0f2a0000, 0x123d67e8, 0x123d6800, 0x14800000)
 Metaspace       used 20550K, capacity 21338K, committed 21376K, reserved 21888K
}
Event: 3550.011 GC heap before
{Heap before GC invocations=20 (full 2):
 def new generation   total 39424K, used 35074K [0x04800000, 0x072c0000, 0x0f2a0000)
  eden space 35072K, 100% used [0x04800000, 0x06a40000, 0x06a40000)
  from space 4352K,   0% used [0x06a40000, 0x06a40838, 0x06e80000)
  to   space 4352K,   0% used [0x06e80000, 0x06e80000, 0x072c0000)
 tenured generation   total 87424K, used 50393K [0x0f2a0000, 0x14800000, 0x24800000)
   the space 87424K,  57% used [0x0f2a0000, 0x123d67e8, 0x123d6800, 0x14800000)
 Metaspace       used 20550K, capacity 21338K, committed 21376K, reserved 21888K
Event: 3550.015 GC heap after
Heap after GC invocations=21 (full 2):
 def new generation   total 39424K, used 12K [0x04800000, 0x072c0000, 0x0f2a0000)
  eden space 35072K,   0% used [0x04800000, 0x04800000, 0x06a40000)
  from space 4352K,   0% used [0x06e80000, 0x06e83388, 0x072c0000)
  to   space 4352K,   0% used [0x06a40000, 0x06a40000, 0x06e80000)
 tenured generation   total 87424K, used 50393K [0x0f2a0000, 0x14800000, 0x24800000)
   the space 87424K,  57% used [0x0f2a0000, 0x123d67e8, 0x123d6800, 0x14800000)
 Metaspace       used 20550K, capacity 21338K, committed 21376K, reserved 21888K
}

