# JRE version: Java(TM) SE Runtime Environment (8.0_92-b14) (build 1.8.0_92-b14)
# Java VM: Java HotSpot(TM) Client VM (25.92-b14 mixed mode windows-x86 )
Heap:
 def new generation   total 39424K, used 26335K [0x04600000, 0x070c0000, 0x0f0a0000)
  eden space 35072K,  62% used [0x04600000, 0x05b77c18, 0x06840000)
  from space 4352K, 100% used [0x06c80000, 0x070c0000, 0x070c0000)
  to   space 4352K,   0% used [0x06840000, 0x06840000, 0x06c80000)
 tenured generation   total 87424K, used 14658K [0x0f0a0000, 0x14600000, 0x24600000)
   the space 87424K,  16% used [0x0f0a0000, 0x0fef0948, 0x0fef0a00, 0x14600000)
 Metaspace       used 17697K, capacity 18181K, committed 18304K, reserved 18816K
GC Heap History (8 events):
Event: 1.871 GC heap before
{Heap before GC invocations=0 (full 0):
 def new generation   total 39296K, used 34944K [0x04600000, 0x070a0000, 0x0f0a0000)
  eden space 34944K, 100% used [0x04600000, 0x06820000, 0x06820000)
  from space 4352K,   0% used [0x06820000, 0x06820000, 0x06c60000)
  to   space 4352K,   0% used [0x06c60000, 0x06c60000, 0x070a0000)
 tenured generation   total 87424K, used 0K [0x0f0a0000, 0x14600000, 0x24600000)
   the space 87424K,   0% used [0x0f0a0000, 0x0f0a0000, 0x0f0a0200, 0x14600000)
 Metaspace       used 9903K, capacity 10088K, committed 10112K, reserved 10624K
Event: 1.883 GC heap after
Heap after GC invocations=1 (full 0):
 def new generation   total 39296K, used 4352K [0x04600000, 0x070a0000, 0x0f0a0000)
  eden space 34944K,   0% used [0x04600000, 0x04600000, 0x06820000)
  from space 4352K, 100% used [0x06c60000, 0x070a0000, 0x070a0000)
  to   space 4352K,   0% used [0x06820000, 0x06820000, 0x06c60000)
 tenured generation   total 87424K, used 2774K [0x0f0a0000, 0x14600000, 0x24600000)
   the space 87424K,   3% used [0x0f0a0000, 0x0f355aa0, 0x0f355c00, 0x14600000)
 Metaspace       used 9903K, capacity 10088K, committed 10112K, reserved 10624K
}
Event: 2.397 GC heap before
{Heap before GC invocations=1 (full 0):
 def new generation   total 39296K, used 39296K [0x04600000, 0x070a0000, 0x0f0a0000)
  eden space 34944K, 100% used [0x04600000, 0x06820000, 0x06820000)
  from space 4352K, 100% used [0x06c60000, 0x070a0000, 0x070a0000)
  to   space 4352K,   0% used [0x06820000, 0x06820000, 0x06c60000)
 tenured generation   total 87424K, used 2774K [0x0f0a0000, 0x14600000, 0x24600000)
   the space 87424K,   3% used [0x0f0a0000, 0x0f355aa0, 0x0f355c00, 0x14600000)
 Metaspace       used 11463K, capacity 11859K, committed 11904K, reserved 12672K
Event: 2.417 GC heap after
Heap after GC invocations=2 (full 0):
 def new generation   total 39296K, used 4352K [0x04600000, 0x070a0000, 0x0f0a0000)
  eden space 34944K,   0% used [0x04600000, 0x04600000, 0x06820000)
  from space 4352K, 100% used [0x06820000, 0x06c60000, 0x06c60000)
  to   space 4352K,   0% used [0x06c60000, 0x06c60000, 0x070a0000)
 tenured generation   total 87424K, used 8351K [0x0f0a0000, 0x14600000, 0x24600000)
   the space 87424K,   9% used [0x0f0a0000, 0x0f8c7d90, 0x0f8c7e00, 0x14600000)
 Metaspace       used 11463K, capacity 11859K, committed 11904K, reserved 12672K
}
Event: 2.727 GC heap before
{Heap before GC invocations=2 (full 0):
 def new generation   total 39296K, used 18347K [0x04600000, 0x070a0000, 0x0f0a0000)
  eden space 34944K,  40% used [0x04600000, 0x053aaf30, 0x06820000)
  from space 4352K, 100% used [0x06820000, 0x06c60000, 0x06c60000)
  to   space 4352K,   0% used [0x06c60000, 0x06c60000, 0x070a0000)
 tenured generation   total 87424K, used 8351K [0x0f0a0000, 0x14600000, 0x24600000)
   the space 87424K,   9% used [0x0f0a0000, 0x0f8c7d90, 0x0f8c7e00, 0x14600000)
 Metaspace       used 11879K, capacity 12251K, committed 12288K, reserved 12672K
Event: 2.752 GC heap after
Heap after GC invocations=3 (full 1):
 def new generation   total 39424K, used 0K [0x04600000, 0x070c0000, 0x0f0a0000)
  eden space 35072K,   0% used [0x04600000, 0x04600000, 0x06840000)
  from space 4352K,   0% used [0x06840000, 0x06840000, 0x06c80000)
  to   space 4352K,   0% used [0x06c80000, 0x06c80000, 0x070c0000)
 tenured generation   total 87424K, used 13173K [0x0f0a0000, 0x14600000, 0x24600000)
   the space 87424K,  15% used [0x0f0a0000, 0x0fd7d6c8, 0x0fd7d800, 0x14600000)
 Metaspace       used 11879K, capacity 12251K, committed 12288K, reserved 12672K
}
Event: 3.857 GC heap before
{Heap before GC invocations=3 (full 1):
 def new generation   total 39424K, used 35072K [0x04600000, 0x070c0000, 0x0f0a0000)
  eden space 35072K, 100% used [0x04600000, 0x06840000, 0x06840000)
  from space 4352K,   0% used [0x06840000, 0x06840000, 0x06c80000)
  to   space 4352K,   0% used [0x06c80000, 0x06c80000, 0x070c0000)
 tenured generation   total 87424K, used 13173K [0x0f0a0000, 0x14600000, 0x24600000)
   the space 87424K,  15% used [0x0f0a0000, 0x0fd7d6c8, 0x0fd7d800, 0x14600000)
 Metaspace       used 15708K, capacity 16154K, committed 16256K, reserved 16768K
Event: 3.868 GC heap after
Heap after GC invocations=4 (full 1):
 def new generation   total 39424K, used 4352K [0x04600000, 0x070c0000, 0x0f0a0000)
  eden space 35072K,   0% used [0x04600000, 0x04600000, 0x06840000)
  from space 4352K, 100% used [0x06c80000, 0x070c0000, 0x070c0000)
  to   space 4352K,   0% used [0x06840000, 0x06840000, 0x06c80000)
 tenured generation   total 87424K, used 14658K [0x0f0a0000, 0x14600000, 0x24600000)
   the space 87424K,  16% used [0x0f0a0000, 0x0fef0948, 0x0fef0a00, 0x14600000)
 Metaspace       used 15708K, capacity 16154K, committed 16256K, reserved 16768K
}

