# JRE version: Java(TM) SE Runtime Environment (8.0_92-b14) (build 1.8.0_92-b14)
# Java VM: Java HotSpot(TM) Client VM (25.92-b14 mixed mode windows-x86 )
Heap:
 def new generation   total 39424K, used 34844K [0x04400000, 0x06ec0000, 0x0eea0000)
  eden space 35072K,  99% used [0x04400000, 0x06607098, 0x06640000)
  from space 4352K,   0% used [0x06640000, 0x06640000, 0x06a80000)
  to   space 4352K,   0% used [0x06a80000, 0x06a80000, 0x06ec0000)
 tenured generation   total 87424K, used 13758K [0x0eea0000, 0x14400000, 0x24400000)
   the space 87424K,  15% used [0x0eea0000, 0x0fc0f870, 0x0fc0fa00, 0x14400000)
 Metaspace       used 15708K, capacity 16154K, committed 16256K, reserved 16768K
GC Heap History (6 events):
Event: 1.227 GC heap before
{Heap before GC invocations=0 (full 0):
 def new generation   total 39296K, used 34944K [0x04400000, 0x06ea0000, 0x0eea0000)
  eden space 34944K, 100% used [0x04400000, 0x06620000, 0x06620000)
  from space 4352K,   0% used [0x06620000, 0x06620000, 0x06a60000)
  to   space 4352K,   0% used [0x06a60000, 0x06a60000, 0x06ea0000)
 tenured generation   total 87424K, used 0K [0x0eea0000, 0x14400000, 0x24400000)
   the space 87424K,   0% used [0x0eea0000, 0x0eea0000, 0x0eea0200, 0x14400000)
 Metaspace       used 9901K, capacity 10088K, committed 10112K, reserved 10624K
Event: 1.245 GC heap after
Heap after GC invocations=1 (full 0):
 def new generation   total 39296K, used 4352K [0x04400000, 0x06ea0000, 0x0eea0000)
  eden space 34944K,   0% used [0x04400000, 0x04400000, 0x06620000)
  from space 4352K, 100% used [0x06a60000, 0x06ea0000, 0x06ea0000)
  to   space 4352K,   0% used [0x06620000, 0x06620000, 0x06a60000)
 tenured generation   total 87424K, used 2790K [0x0eea0000, 0x14400000, 0x24400000)
   the space 87424K,   3% used [0x0eea0000, 0x0f159828, 0x0f159a00, 0x14400000)
 Metaspace       used 9901K, capacity 10088K, committed 10112K, reserved 10624K
}
Event: 1.795 GC heap before
{Heap before GC invocations=1 (full 0):
 def new generation   total 39296K, used 39296K [0x04400000, 0x06ea0000, 0x0eea0000)
  eden space 34944K, 100% used [0x04400000, 0x06620000, 0x06620000)
  from space 4352K, 100% used [0x06a60000, 0x06ea0000, 0x06ea0000)
  to   space 4352K,   0% used [0x06620000, 0x06620000, 0x06a60000)
 tenured generation   total 87424K, used 2790K [0x0eea0000, 0x14400000, 0x24400000)
   the space 87424K,   3% used [0x0eea0000, 0x0f159828, 0x0f159a00, 0x14400000)
 Metaspace       used 11461K, capacity 11859K, committed 11904K, reserved 12672K
Event: 1.816 GC heap after
Heap after GC invocations=2 (full 0):
 def new generation   total 39296K, used 4352K [0x04400000, 0x06ea0000, 0x0eea0000)
  eden space 34944K,   0% used [0x04400000, 0x04400000, 0x06620000)
  from space 4352K, 100% used [0x06620000, 0x06a60000, 0x06a60000)
  to   space 4352K,   0% used [0x06a60000, 0x06a60000, 0x06ea0000)
 tenured generation   total 87424K, used 8794K [0x0eea0000, 0x14400000, 0x24400000)
   the space 87424K,  10% used [0x0eea0000, 0x0f736890, 0x0f736a00, 0x14400000)
 Metaspace       used 11461K, capacity 11859K, committed 11904K, reserved 12672K
}
Event: 2.181 GC heap before
{Heap before GC invocations=2 (full 0):
 def new generation   total 39296K, used 19382K [0x04400000, 0x06ea0000, 0x0eea0000)
  eden space 34944K,  43% used [0x04400000, 0x052ada28, 0x06620000)
  from space 4352K, 100% used [0x06620000, 0x06a60000, 0x06a60000)
  to   space 4352K,   0% used [0x06a60000, 0x06a60000, 0x06ea0000)
 tenured generation   total 87424K, used 8794K [0x0eea0000, 0x14400000, 0x24400000)
   the space 87424K,  10% used [0x0eea0000, 0x0f736890, 0x0f736a00, 0x14400000)
 Metaspace       used 11884K, capacity 12251K, committed 12288K, reserved 12672K
Event: 2.207 GC heap after
Heap after GC invocations=3 (full 1):
 def new generation   total 39424K, used 0K [0x04400000, 0x06ec0000, 0x0eea0000)
  eden space 35072K,   0% used [0x04400000, 0x04400000, 0x06640000)
  from space 4352K,   0% used [0x06640000, 0x06640000, 0x06a80000)
  to   space 4352K,   0% used [0x06a80000, 0x06a80000, 0x06ec0000)
 tenured generation   total 87424K, used 13758K [0x0eea0000, 0x14400000, 0x24400000)
   the space 87424K,  15% used [0x0eea0000, 0x0fc0f870, 0x0fc0fa00, 0x14400000)
 Metaspace       used 11884K, capacity 12251K, committed 12288K, reserved 12672K
}

