# JRE version: Java(TM) SE Runtime Environment (8.0_92-b14) (build 1.8.0_92-b14)
# Java VM: Java HotSpot(TM) Client VM (25.92-b14 mixed mode windows-x86 )
Heap:
 def new generation   total 39424K, used 35081K [0x04600000, 0x070c0000, 0x0f0a0000)
  eden space 35072K,  87% used [0x04600000, 0x06402660, 0x06840000)
  from space 4352K, 100% used [0x06c80000, 0x070c0000, 0x070c0000)
  to   space 4352K,   0% used [0x06840000, 0x06840000, 0x06c80000)
 tenured generation   total 87424K, used 15043K [0x0f0a0000, 0x14600000, 0x24600000)
   the space 87424K,  17% used [0x0f0a0000, 0x0ff50f18, 0x0ff51000, 0x14600000)
 Metaspace       used 17807K, capacity 18304K, committed 18432K, reserved 18816K
GC Heap History (8 events):
Event: 1.172 GC heap before
{Heap before GC invocations=0 (full 0):
 def new generation   total 39296K, used 34944K [0x04600000, 0x070a0000, 0x0f0a0000)
  eden space 34944K, 100% used [0x04600000, 0x06820000, 0x06820000)
  from space 4352K,   0% used [0x06820000, 0x06820000, 0x06c60000)
  to   space 4352K,   0% used [0x06c60000, 0x06c60000, 0x070a0000)
 tenured generation   total 87424K, used 0K [0x0f0a0000, 0x14600000, 0x24600000)
   the space 87424K,   0% used [0x0f0a0000, 0x0f0a0000, 0x0f0a0200, 0x14600000)
 Metaspace       used 9901K, capacity 10088K, committed 10112K, reserved 10624K
Event: 1.183 GC heap after
Heap after GC invocations=1 (full 0):
 def new generation   total 39296K, used 4352K [0x04600000, 0x070a0000, 0x0f0a0000)
  eden space 34944K,   0% used [0x04600000, 0x04600000, 0x06820000)
  from space 4352K, 100% used [0x06c60000, 0x070a0000, 0x070a0000)
  to   space 4352K,   0% used [0x06820000, 0x06820000, 0x06c60000)
 tenured generation   total 87424K, used 2776K [0x0f0a0000, 0x14600000, 0x24600000)
   the space 87424K,   3% used [0x0f0a0000, 0x0f3561b8, 0x0f356200, 0x14600000)
 Metaspace       used 9901K, capacity 10088K, committed 10112K, reserved 10624K
}
Event: 1.762 GC heap before
{Heap before GC invocations=1 (full 0):
 def new generation   total 39296K, used 39296K [0x04600000, 0x070a0000, 0x0f0a0000)
  eden space 34944K, 100% used [0x04600000, 0x06820000, 0x06820000)
  from space 4352K, 100% used [0x06c60000, 0x070a0000, 0x070a0000)
  to   space 4352K,   0% used [0x06820000, 0x06820000, 0x06c60000)
 tenured generation   total 87424K, used 2776K [0x0f0a0000, 0x14600000, 0x24600000)
   the space 87424K,   3% used [0x0f0a0000, 0x0f3561b8, 0x0f356200, 0x14600000)
 Metaspace       used 11464K, capacity 11859K, committed 11904K, reserved 12672K
Event: 1.783 GC heap after
Heap after GC invocations=2 (full 0):
 def new generation   total 39296K, used 4352K [0x04600000, 0x070a0000, 0x0f0a0000)
  eden space 34944K,   0% used [0x04600000, 0x04600000, 0x06820000)
  from space 4352K, 100% used [0x06820000, 0x06c60000, 0x06c60000)
  to   space 4352K,   0% used [0x06c60000, 0x06c60000, 0x070a0000)
 tenured generation   total 87424K, used 8774K [0x0f0a0000, 0x14600000, 0x24600000)
   the space 87424K,  10% used [0x0f0a0000, 0x0f931ad8, 0x0f931c00, 0x14600000)
 Metaspace       used 11464K, capacity 11859K, committed 11904K, reserved 12672K
}
Event: 2.110 GC heap before
{Heap before GC invocations=2 (full 0):
 def new generation   total 39296K, used 20237K [0x04600000, 0x070a0000, 0x0f0a0000)
  eden space 34944K,  45% used [0x04600000, 0x05583798, 0x06820000)
  from space 4352K, 100% used [0x06820000, 0x06c60000, 0x06c60000)
  to   space 4352K,   0% used [0x06c60000, 0x06c60000, 0x070a0000)
 tenured generation   total 87424K, used 8774K [0x0f0a0000, 0x14600000, 0x24600000)
   the space 87424K,  10% used [0x0f0a0000, 0x0f931ad8, 0x0f931c00, 0x14600000)
 Metaspace       used 11884K, capacity 12251K, committed 12288K, reserved 12672K
Event: 2.136 GC heap after
Heap after GC invocations=3 (full 1):
 def new generation   total 39424K, used 0K [0x04600000, 0x070c0000, 0x0f0a0000)
  eden space 35072K,   0% used [0x04600000, 0x04600000, 0x06840000)
  from space 4352K,   0% used [0x06840000, 0x06840000, 0x06c80000)
  to   space 4352K,   0% used [0x06c80000, 0x06c80000, 0x070c0000)
 tenured generation   total 87424K, used 13537K [0x0f0a0000, 0x14600000, 0x24600000)
   the space 87424K,  15% used [0x0f0a0000, 0x0fdd8520, 0x0fdd8600, 0x14600000)
 Metaspace       used 11884K, capacity 12251K, committed 12288K, reserved 12672K
}
Event: 3.200 GC heap before
{Heap before GC invocations=3 (full 1):
 def new generation   total 39424K, used 35072K [0x04600000, 0x070c0000, 0x0f0a0000)
  eden space 35072K, 100% used [0x04600000, 0x06840000, 0x06840000)
  from space 4352K,   0% used [0x06840000, 0x06840000, 0x06c80000)
  to   space 4352K,   0% used [0x06c80000, 0x06c80000, 0x070c0000)
 tenured generation   total 87424K, used 13537K [0x0f0a0000, 0x14600000, 0x24600000)
   the space 87424K,  15% used [0x0f0a0000, 0x0fdd8520, 0x0fdd8600, 0x14600000)
 Metaspace       used 15712K, capacity 16154K, committed 16256K, reserved 16768K
Event: 3.210 GC heap after
Heap after GC invocations=4 (full 1):
 def new generation   total 39424K, used 4352K [0x04600000, 0x070c0000, 0x0f0a0000)
  eden space 35072K,   0% used [0x04600000, 0x04600000, 0x06840000)
  from space 4352K, 100% used [0x06c80000, 0x070c0000, 0x070c0000)
  to   space 4352K,   0% used [0x06840000, 0x06840000, 0x06c80000)
 tenured generation   total 87424K, used 15043K [0x0f0a0000, 0x14600000, 0x24600000)
   the space 87424K,  17% used [0x0f0a0000, 0x0ff50f18, 0x0ff51000, 0x14600000)
 Metaspace       used 15712K, capacity 16154K, committed 16256K, reserved 16768K
}

