# JRE version: Java(TM) SE Runtime Environment (8.0_92-b14) (build 1.8.0_92-b14)
# Java VM: Java HotSpot(TM) Client VM (25.92-b14 mixed mode windows-x86 )
Heap:
 def new generation   total 39424K, used 20393K [0x04800000, 0x072c0000, 0x0f2a0000)
  eden space 35072K,  45% used [0x04800000, 0x057aa7d8, 0x06a40000)
  from space 4352K, 100% used [0x06e80000, 0x072c0000, 0x072c0000)
  to   space 4352K,   0% used [0x06a40000, 0x06a40000, 0x06e80000)
 tenured generation   total 87424K, used 32663K [0x0f2a0000, 0x14800000, 0x24800000)
   the space 87424K,  37% used [0x0f2a0000, 0x11285d58, 0x11285e00, 0x14800000)
 Metaspace       used 19860K, capacity 20309K, committed 20480K, reserved 20864K
GC Heap History (10 events):
Event: 2206.663 GC heap before
{Heap before GC invocations=6 (full 1):
 def new generation   total 39424K, used 36634K [0x04800000, 0x072c0000, 0x0f2a0000)
  eden space 35072K, 100% used [0x04800000, 0x06a40000, 0x06a40000)
  from space 4352K,  35% used [0x06e80000, 0x07006b50, 0x072c0000)
  to   space 4352K,   0% used [0x06a40000, 0x06a40000, 0x06e80000)
 tenured generation   total 87424K, used 25804K [0x0f2a0000, 0x14800000, 0x24800000)
   the space 87424K,  29% used [0x0f2a0000, 0x10bd3128, 0x10bd3200, 0x14800000)
 Metaspace       used 19622K, capacity 20122K, committed 20224K, reserved 20864K
Event: 2206.669 GC heap after
Heap after GC invocations=7 (full 1):
 def new generation   total 39424K, used 3115K [0x04800000, 0x072c0000, 0x0f2a0000)
  eden space 35072K,   0% used [0x04800000, 0x04800000, 0x06a40000)
  from space 4352K,  71% used [0x06a40000, 0x06d4ae78, 0x06e80000)
  to   space 4352K,   0% used [0x06e80000, 0x06e80000, 0x072c0000)
 tenured generation   total 87424K, used 25804K [0x0f2a0000, 0x14800000, 0x24800000)
   the space 87424K,  29% used [0x0f2a0000, 0x10bd3128, 0x10bd3200, 0x14800000)
 Metaspace       used 19622K, capacity 20122K, committed 20224K, reserved 20864K
}
Event: 2264.063 GC heap before
{Heap before GC invocations=7 (full 1):
 def new generation   total 39424K, used 38187K [0x04800000, 0x072c0000, 0x0f2a0000)
  eden space 35072K, 100% used [0x04800000, 0x06a40000, 0x06a40000)
  from space 4352K,  71% used [0x06a40000, 0x06d4ae78, 0x06e80000)
  to   space 4352K,   0% used [0x06e80000, 0x06e80000, 0x072c0000)
 tenured generation   total 87424K, used 25804K [0x0f2a0000, 0x14800000, 0x24800000)
   the space 87424K,  29% used [0x0f2a0000, 0x10bd3128, 0x10bd3200, 0x14800000)
 Metaspace       used 19702K, capacity 20218K, committed 20224K, reserved 20864K
Event: 2264.073 GC heap after
Heap after GC invocations=8 (full 1):
 def new generation   total 39424K, used 2091K [0x04800000, 0x072c0000, 0x0f2a0000)
  eden space 35072K,   0% used [0x04800000, 0x04800000, 0x06a40000)
  from space 4352K,  48% used [0x06e80000, 0x0708ae30, 0x072c0000)
  to   space 4352K,   0% used [0x06a40000, 0x06a40000, 0x06e80000)
 tenured generation   total 87424K, used 27185K [0x0f2a0000, 0x14800000, 0x24800000)
   the space 87424K,  31% used [0x0f2a0000, 0x10d2c758, 0x10d2c800, 0x14800000)
 Metaspace       used 19702K, capacity 20218K, committed 20224K, reserved 20864K
}
Event: 2300.672 GC heap before
{Heap before GC invocations=8 (full 1):
 def new generation   total 39424K, used 18341K [0x04800000, 0x072c0000, 0x0f2a0000)
  eden space 35072K,  46% used [0x04800000, 0x057de688, 0x06a40000)
  from space 4352K,  48% used [0x06e80000, 0x0708ae30, 0x072c0000)
  to   space 4352K,   0% used [0x06a40000, 0x06a40000, 0x06e80000)
 tenured generation   total 87424K, used 27185K [0x0f2a0000, 0x14800000, 0x24800000)
   the space 87424K,  31% used [0x0f2a0000, 0x10d2c758, 0x10d2c800, 0x14800000)
 Metaspace       used 19993K, capacity 20479K, committed 20480K, reserved 20864K
Event: 2300.725 GC heap after
Heap after GC invocations=9 (full 2):
 def new generation   total 39424K, used 0K [0x04800000, 0x072c0000, 0x0f2a0000)
  eden space 35072K,   0% used [0x04800000, 0x04800000, 0x06a40000)
  from space 4352K,   0% used [0x06e80000, 0x06e80000, 0x072c0000)
  to   space 4352K,   0% used [0x06a40000, 0x06a40000, 0x06e80000)
 tenured generation   total 87424K, used 25218K [0x0f2a0000, 0x14800000, 0x24800000)
   the space 87424K,  28% used [0x0f2a0000, 0x10b40b88, 0x10b40c00, 0x14800000)
 Metaspace       used 19854K, capacity 20299K, committed 20480K, reserved 20864K
}
Event: 2384.741 GC heap before
{Heap before GC invocations=9 (full 2):
 def new generation   total 39424K, used 35072K [0x04800000, 0x072c0000, 0x0f2a0000)
  eden space 35072K, 100% used [0x04800000, 0x06a40000, 0x06a40000)
  from space 4352K,   0% used [0x06e80000, 0x06e80000, 0x072c0000)
  to   space 4352K,   0% used [0x06a40000, 0x06a40000, 0x06e80000)
 tenured generation   total 87424K, used 25218K [0x0f2a0000, 0x14800000, 0x24800000)
   the space 87424K,  28% used [0x0f2a0000, 0x10b40b88, 0x10b40c00, 0x14800000)
 Metaspace       used 19856K, capacity 20301K, committed 20480K, reserved 20864K
Event: 2384.747 GC heap after
Heap after GC invocations=10 (full 2):
 def new generation   total 39424K, used 4352K [0x04800000, 0x072c0000, 0x0f2a0000)
  eden space 35072K,   0% used [0x04800000, 0x04800000, 0x06a40000)
  from space 4352K, 100% used [0x06a40000, 0x06e80000, 0x06e80000)
  to   space 4352K,   0% used [0x06e80000, 0x06e80000, 0x072c0000)
 tenured generation   total 87424K, used 27896K [0x0f2a0000, 0x14800000, 0x24800000)
   the space 87424K,  31% used [0x0f2a0000, 0x10dde2a0, 0x10dde400, 0x14800000)
 Metaspace       used 19856K, capacity 20301K, committed 20480K, reserved 20864K
}
Event: 2498.313 GC heap before
{Heap before GC invocations=10 (full 2):
 def new generation   total 39424K, used 39424K [0x04800000, 0x072c0000, 0x0f2a0000)
  eden space 35072K, 100% used [0x04800000, 0x06a40000, 0x06a40000)
  from space 4352K, 100% used [0x06a40000, 0x06e80000, 0x06e80000)
  to   space 4352K,   0% used [0x06e80000, 0x06e80000, 0x072c0000)
 tenured generation   total 87424K, used 27896K [0x0f2a0000, 0x14800000, 0x24800000)
   the space 87424K,  31% used [0x0f2a0000, 0x10dde2a0, 0x10dde400, 0x14800000)
 Metaspace       used 19860K, capacity 20309K, committed 20480K, reserved 20864K
Event: 2498.323 GC heap after
Heap after GC invocations=11 (full 2):
 def new generation   total 39424K, used 4352K [0x04800000, 0x072c0000, 0x0f2a0000)
  eden space 35072K,   0% used [0x04800000, 0x04800000, 0x06a40000)
  from space 4352K, 100% used [0x06e80000, 0x072c0000, 0x072c0000)
  to   space 4352K,   0% used [0x06a40000, 0x06a40000, 0x06e80000)
 tenured generation   total 87424K, used 32663K [0x0f2a0000, 0x14800000, 0x24800000)
   the space 87424K,  37% used [0x0f2a0000, 0x11285d58, 0x11285e00, 0x14800000)
 Metaspace       used 19860K, capacity 20309K, committed 20480K, reserved 20864K
}

