# JRE version: Java(TM) SE Runtime Environment (8.0_92-b14) (build 1.8.0_92-b14)
# Java VM: Java HotSpot(TM) Client VM (25.92-b14 mixed mode windows-x86 )
Heap:
 def new generation   total 39424K, used 20654K [0x04400000, 0x06ec0000, 0x0eea0000)
  eden space 35072K,  53% used [0x04400000, 0x05647a80, 0x06640000)
  from space 4352K,  44% used [0x06640000, 0x06823df8, 0x06a80000)
  to   space 4352K,   0% used [0x06a80000, 0x06a80000, 0x06ec0000)
 tenured generation   total 87424K, used 27710K [0x0eea0000, 0x14400000, 0x24400000)
   the space 87424K,  31% used [0x0eea0000, 0x109af810, 0x109afa00, 0x14400000)
 Metaspace       used 19926K, capacity 20439K, committed 20480K, reserved 20864K
GC Heap History (10 events):
Event: 79.029 GC heap before
{Heap before GC invocations=18 (full 1):
 def new generation   total 39424K, used 37006K [0x04400000, 0x06ec0000, 0x0eea0000)
  eden space 35072K, 100% used [0x04400000, 0x06640000, 0x06640000)
  from space 4352K,  44% used [0x06a80000, 0x06c63b18, 0x06ec0000)
  to   space 4352K,   0% used [0x06640000, 0x06640000, 0x06a80000)
 tenured generation   total 87424K, used 27710K [0x0eea0000, 0x14400000, 0x24400000)
   the space 87424K,  31% used [0x0eea0000, 0x109af810, 0x109afa00, 0x14400000)
 Metaspace       used 19926K, capacity 20439K, committed 20480K, reserved 20864K
Event: 79.034 GC heap after
Heap after GC invocations=19 (full 1):
 def new generation   total 39424K, used 1934K [0x04400000, 0x06ec0000, 0x0eea0000)
  eden space 35072K,   0% used [0x04400000, 0x04400000, 0x06640000)
  from space 4352K,  44% used [0x06640000, 0x06823b18, 0x06a80000)
  to   space 4352K,   0% used [0x06a80000, 0x06a80000, 0x06ec0000)
 tenured generation   total 87424K, used 27710K [0x0eea0000, 0x14400000, 0x24400000)
   the space 87424K,  31% used [0x0eea0000, 0x109af810, 0x109afa00, 0x14400000)
 Metaspace       used 19926K, capacity 20439K, committed 20480K, reserved 20864K
}
Event: 82.218 GC heap before
{Heap before GC invocations=19 (full 1):
 def new generation   total 39424K, used 37006K [0x04400000, 0x06ec0000, 0x0eea0000)
  eden space 35072K, 100% used [0x04400000, 0x06640000, 0x06640000)
  from space 4352K,  44% used [0x06640000, 0x06823b18, 0x06a80000)
  to   space 4352K,   0% used [0x06a80000, 0x06a80000, 0x06ec0000)
 tenured generation   total 87424K, used 27710K [0x0eea0000, 0x14400000, 0x24400000)
   the space 87424K,  31% used [0x0eea0000, 0x109af810, 0x109afa00, 0x14400000)
 Metaspace       used 19926K, capacity 20439K, committed 20480K, reserved 20864K
Event: 82.223 GC heap after
Heap after GC invocations=20 (full 1):
 def new generation   total 39424K, used 1934K [0x04400000, 0x06ec0000, 0x0eea0000)
  eden space 35072K,   0% used [0x04400000, 0x04400000, 0x06640000)
  from space 4352K,  44% used [0x06a80000, 0x06c63b28, 0x06ec0000)
  to   space 4352K,   0% used [0x06640000, 0x06640000, 0x06a80000)
 tenured generation   total 87424K, used 27710K [0x0eea0000, 0x14400000, 0x24400000)
   the space 87424K,  31% used [0x0eea0000, 0x109af810, 0x109afa00, 0x14400000)
 Metaspace       used 19926K, capacity 20439K, committed 20480K, reserved 20864K
}
Event: 85.396 GC heap before
{Heap before GC invocations=20 (full 1):
 def new generation   total 39424K, used 37006K [0x04400000, 0x06ec0000, 0x0eea0000)
  eden space 35072K, 100% used [0x04400000, 0x06640000, 0x06640000)
  from space 4352K,  44% used [0x06a80000, 0x06c63b28, 0x06ec0000)
  to   space 4352K,   0% used [0x06640000, 0x06640000, 0x06a80000)
 tenured generation   total 87424K, used 27710K [0x0eea0000, 0x14400000, 0x24400000)
   the space 87424K,  31% used [0x0eea0000, 0x109af810, 0x109afa00, 0x14400000)
 Metaspace       used 19926K, capacity 20439K, committed 20480K, reserved 20864K
Event: 85.400 GC heap after
Heap after GC invocations=21 (full 1):
 def new generation   total 39424K, used 1935K [0x04400000, 0x06ec0000, 0x0eea0000)
  eden space 35072K,   0% used [0x04400000, 0x04400000, 0x06640000)
  from space 4352K,  44% used [0x06640000, 0x06823c80, 0x06a80000)
  to   space 4352K,   0% used [0x06a80000, 0x06a80000, 0x06ec0000)
 tenured generation   total 87424K, used 27710K [0x0eea0000, 0x14400000, 0x24400000)
   the space 87424K,  31% used [0x0eea0000, 0x109af810, 0x109afa00, 0x14400000)
 Metaspace       used 19926K, capacity 20439K, committed 20480K, reserved 20864K
}
Event: 89.187 GC heap before
{Heap before GC invocations=21 (full 1):
 def new generation   total 39424K, used 37007K [0x04400000, 0x06ec0000, 0x0eea0000)
  eden space 35072K, 100% used [0x04400000, 0x06640000, 0x06640000)
  from space 4352K,  44% used [0x06640000, 0x06823c80, 0x06a80000)
  to   space 4352K,   0% used [0x06a80000, 0x06a80000, 0x06ec0000)
 tenured generation   total 87424K, used 27710K [0x0eea0000, 0x14400000, 0x24400000)
   the space 87424K,  31% used [0x0eea0000, 0x109af810, 0x109afa00, 0x14400000)
 Metaspace       used 19926K, capacity 20439K, committed 20480K, reserved 20864K
Event: 89.192 GC heap after
Heap after GC invocations=22 (full 1):
 def new generation   total 39424K, used 1935K [0x04400000, 0x06ec0000, 0x0eea0000)
  eden space 35072K,   0% used [0x04400000, 0x04400000, 0x06640000)
  from space 4352K,  44% used [0x06a80000, 0x06c63df8, 0x06ec0000)
  to   space 4352K,   0% used [0x06640000, 0x06640000, 0x06a80000)
 tenured generation   total 87424K, used 27710K [0x0eea0000, 0x14400000, 0x24400000)
   the space 87424K,  31% used [0x0eea0000, 0x109af810, 0x109afa00, 0x14400000)
 Metaspace       used 19926K, capacity 20439K, committed 20480K, reserved 20864K
}
Event: 92.579 GC heap before
{Heap before GC invocations=22 (full 1):
 def new generation   total 39424K, used 37007K [0x04400000, 0x06ec0000, 0x0eea0000)
  eden space 35072K, 100% used [0x04400000, 0x06640000, 0x06640000)
  from space 4352K,  44% used [0x06a80000, 0x06c63df8, 0x06ec0000)
  to   space 4352K,   0% used [0x06640000, 0x06640000, 0x06a80000)
 tenured generation   total 87424K, used 27710K [0x0eea0000, 0x14400000, 0x24400000)
   the space 87424K,  31% used [0x0eea0000, 0x109af810, 0x109afa00, 0x14400000)
 Metaspace       used 19926K, capacity 20439K, committed 20480K, reserved 20864K
Event: 92.585 GC heap after
Heap after GC invocations=23 (full 1):
 def new generation   total 39424K, used 1935K [0x04400000, 0x06ec0000, 0x0eea0000)
  eden space 35072K,   0% used [0x04400000, 0x04400000, 0x06640000)
  from space 4352K,  44% used [0x06640000, 0x06823df8, 0x06a80000)
  to   space 4352K,   0% used [0x06a80000, 0x06a80000, 0x06ec0000)
 tenured generation   total 87424K, used 27710K [0x0eea0000, 0x14400000, 0x24400000)
   the space 87424K,  31% used [0x0eea0000, 0x109af810, 0x109afa00, 0x14400000)
 Metaspace       used 19926K, capacity 20439K, committed 20480K, reserved 20864K
}

