# JRE version: Java(TM) SE Runtime Environment (8.0_92-b14) (build 1.8.0_92-b14)
# Java VM: Java HotSpot(TM) Client VM (25.92-b14 mixed mode windows-x86 )
Heap:
 def new generation   total 39424K, used 7501K [0x04400000, 0x06ec0000, 0x0eea0000)
  eden space 35072K,  15% used [0x04400000, 0x04971ac0, 0x06640000)
  from space 4352K,  44% used [0x06a80000, 0x06c61c10, 0x06ec0000)
  to   space 4352K,   0% used [0x06640000, 0x06640000, 0x06a80000)
 tenured generation   total 87424K, used 29691K [0x0eea0000, 0x14400000, 0x24400000)
   the space 87424K,  33% used [0x0eea0000, 0x10b9ec30, 0x10b9ee00, 0x14400000)
 Metaspace       used 18552K, capacity 19045K, committed 19072K, reserved 19840K
GC Heap History (10 events):
Event: 2889.063 GC heap before
{Heap before GC invocations=13 (full 1):
 def new generation   total 39424K, used 36936K [0x04400000, 0x06ec0000, 0x0eea0000)
  eden space 35072K, 100% used [0x04400000, 0x06640000, 0x06640000)
  from space 4352K,  42% used [0x06640000, 0x06812008, 0x06a80000)
  to   space 4352K,   0% used [0x06a80000, 0x06a80000, 0x06ec0000)
 tenured generation   total 87424K, used 28884K [0x0eea0000, 0x14400000, 0x24400000)
   the space 87424K,  33% used [0x0eea0000, 0x10ad52f8, 0x10ad5400, 0x14400000)
 Metaspace       used 18551K, capacity 19045K, committed 19072K, reserved 19840K
Event: 2889.069 GC heap after
Heap after GC invocations=14 (full 1):
 def new generation   total 39424K, used 1965K [0x04400000, 0x06ec0000, 0x0eea0000)
  eden space 35072K,   0% used [0x04400000, 0x04400000, 0x06640000)
  from space 4352K,  45% used [0x06a80000, 0x06c6b788, 0x06ec0000)
  to   space 4352K,   0% used [0x06640000, 0x06640000, 0x06a80000)
 tenured generation   total 87424K, used 28884K [0x0eea0000, 0x14400000, 0x24400000)
   the space 87424K,  33% used [0x0eea0000, 0x10ad52f8, 0x10ad5400, 0x14400000)
 Metaspace       used 18551K, capacity 19045K, committed 19072K, reserved 19840K
}
Event: 3192.998 GC heap before
{Heap before GC invocations=14 (full 1):
 def new generation   total 39424K, used 37037K [0x04400000, 0x06ec0000, 0x0eea0000)
  eden space 35072K, 100% used [0x04400000, 0x06640000, 0x06640000)
  from space 4352K,  45% used [0x06a80000, 0x06c6b788, 0x06ec0000)
  to   space 4352K,   0% used [0x06640000, 0x06640000, 0x06a80000)
 tenured generation   total 87424K, used 28884K [0x0eea0000, 0x14400000, 0x24400000)
   the space 87424K,  33% used [0x0eea0000, 0x10ad52f8, 0x10ad5400, 0x14400000)
 Metaspace       used 18551K, capacity 19045K, committed 19072K, reserved 19840K
Event: 3193.004 GC heap after
Heap after GC invocations=15 (full 1):
 def new generation   total 39424K, used 2249K [0x04400000, 0x06ec0000, 0x0eea0000)
  eden space 35072K,   0% used [0x04400000, 0x04400000, 0x06640000)
  from space 4352K,  51% used [0x06640000, 0x068725a8, 0x06a80000)
  to   space 4352K,   0% used [0x06a80000, 0x06a80000, 0x06ec0000)
 tenured generation   total 87424K, used 28884K [0x0eea0000, 0x14400000, 0x24400000)
   the space 87424K,  33% used [0x0eea0000, 0x10ad52f8, 0x10ad5400, 0x14400000)
 Metaspace       used 18551K, capacity 19045K, committed 19072K, reserved 19840K
}
Event: 3507.934 GC heap before
{Heap before GC invocations=15 (full 1):
 def new generation   total 39424K, used 37321K [0x04400000, 0x06ec0000, 0x0eea0000)
  eden space 35072K, 100% used [0x04400000, 0x06640000, 0x06640000)
  from space 4352K,  51% used [0x06640000, 0x068725a8, 0x06a80000)
  to   space 4352K,   0% used [0x06a80000, 0x06a80000, 0x06ec0000)
 tenured generation   total 87424K, used 28884K [0x0eea0000, 0x14400000, 0x24400000)
   the space 87424K,  33% used [0x0eea0000, 0x10ad52f8, 0x10ad5400, 0x14400000)
 Metaspace       used 18552K, capacity 19045K, committed 19072K, reserved 19840K
Event: 3507.941 GC heap after
Heap after GC invocations=16 (full 1):
 def new generation   total 39424K, used 2383K [0x04400000, 0x06ec0000, 0x0eea0000)
  eden space 35072K,   0% used [0x04400000, 0x04400000, 0x06640000)
  from space 4352K,  54% used [0x06a80000, 0x06cd3eb8, 0x06ec0000)
  to   space 4352K,   0% used [0x06640000, 0x06640000, 0x06a80000)
 tenured generation   total 87424K, used 29048K [0x0eea0000, 0x14400000, 0x24400000)
   the space 87424K,  33% used [0x0eea0000, 0x10afe3e8, 0x10afe400, 0x14400000)
 Metaspace       used 18552K, capacity 19045K, committed 19072K, reserved 19840K
}
Event: 3949.063 GC heap before
{Heap before GC invocations=16 (full 1):
 def new generation   total 39424K, used 37455K [0x04400000, 0x06ec0000, 0x0eea0000)
  eden space 35072K, 100% used [0x04400000, 0x06640000, 0x06640000)
  from space 4352K,  54% used [0x06a80000, 0x06cd3eb8, 0x06ec0000)
  to   space 4352K,   0% used [0x06640000, 0x06640000, 0x06a80000)
 tenured generation   total 87424K, used 29048K [0x0eea0000, 0x14400000, 0x24400000)
   the space 87424K,  33% used [0x0eea0000, 0x10afe3e8, 0x10afe400, 0x14400000)
 Metaspace       used 18552K, capacity 19045K, committed 19072K, reserved 19840K
Event: 3949.070 GC heap after
Heap after GC invocations=17 (full 1):
 def new generation   total 39424K, used 2415K [0x04400000, 0x06ec0000, 0x0eea0000)
  eden space 35072K,   0% used [0x04400000, 0x04400000, 0x06640000)
  from space 4352K,  55% used [0x06640000, 0x0689bca0, 0x06a80000)
  to   space 4352K,   0% used [0x06a80000, 0x06a80000, 0x06ec0000)
 tenured generation   total 87424K, used 29267K [0x0eea0000, 0x14400000, 0x24400000)
   the space 87424K,  33% used [0x0eea0000, 0x10b34e40, 0x10b35000, 0x14400000)
 Metaspace       used 18552K, capacity 19045K, committed 19072K, reserved 19840K
}
Event: 4435.142 GC heap before
{Heap before GC invocations=17 (full 1):
 def new generation   total 39424K, used 37487K [0x04400000, 0x06ec0000, 0x0eea0000)
  eden space 35072K, 100% used [0x04400000, 0x06640000, 0x06640000)
  from space 4352K,  55% used [0x06640000, 0x0689bca0, 0x06a80000)
  to   space 4352K,   0% used [0x06a80000, 0x06a80000, 0x06ec0000)
 tenured generation   total 87424K, used 29267K [0x0eea0000, 0x14400000, 0x24400000)
   the space 87424K,  33% used [0x0eea0000, 0x10b34e40, 0x10b35000, 0x14400000)
 Metaspace       used 18552K, capacity 19045K, committed 19072K, reserved 19840K
Event: 4435.149 GC heap after
Heap after GC invocations=18 (full 1):
 def new generation   total 39424K, used 1927K [0x04400000, 0x06ec0000, 0x0eea0000)
  eden space 35072K,   0% used [0x04400000, 0x04400000, 0x06640000)
  from space 4352K,  44% used [0x06a80000, 0x06c61c10, 0x06ec0000)
  to   space 4352K,   0% used [0x06640000, 0x06640000, 0x06a80000)
 tenured generation   total 87424K, used 29691K [0x0eea0000, 0x14400000, 0x24400000)
   the space 87424K,  33% used [0x0eea0000, 0x10b9ec30, 0x10b9ee00, 0x14400000)
 Metaspace       used 18552K, capacity 19045K, committed 19072K, reserved 19840K
}

