# JRE version: Java(TM) SE Runtime Environment (8.0_92-b14) (build 1.8.0_92-b14)
# Java VM: Java HotSpot(TM) Client VM (25.92-b14 mixed mode windows-x86 )
Heap:
 def new generation   total 39424K, used 30328K [0x04600000, 0x070c0000, 0x0f0a0000)
  eden space 35072K,  86% used [0x04600000, 0x0639da90, 0x06840000)
  from space 4352K,   0% used [0x06c80000, 0x06c807a0, 0x070c0000)
  to   space 4352K,   0% used [0x06840000, 0x06840000, 0x06c80000)
 tenured generation   total 87424K, used 43168K [0x0f0a0000, 0x14600000, 0x24600000)
   the space 87424K,  49% used [0x0f0a0000, 0x11ac8220, 0x11ac8400, 0x14600000)
 Metaspace       used 20253K, capacity 20757K, committed 20864K, reserved 20864K
GC Heap History (10 events):
Event: 608.440 GC heap before
{Heap before GC invocations=6 (full 2):
 def new generation   total 39424K, used 35072K [0x04600000, 0x070c0000, 0x0f0a0000)
  eden space 35072K, 100% used [0x04600000, 0x06840000, 0x06840000)
  from space 4352K,   0% used [0x06840000, 0x06840000, 0x06c80000)
  to   space 4352K,   0% used [0x06c80000, 0x06c80000, 0x070c0000)
 tenured generation   total 87424K, used 27120K [0x0f0a0000, 0x14600000, 0x24600000)
   the space 87424K,  31% used [0x0f0a0000, 0x10b1c350, 0x10b1c400, 0x14600000)
 Metaspace       used 19972K, capacity 20481K, committed 20608K, reserved 20864K
Event: 608.445 GC heap after
Heap after GC invocations=7 (full 2):
 def new generation   total 39424K, used 4352K [0x04600000, 0x070c0000, 0x0f0a0000)
  eden space 35072K,   0% used [0x04600000, 0x04600000, 0x06840000)
  from space 4352K, 100% used [0x06c80000, 0x070c0000, 0x070c0000)
  to   space 4352K,   0% used [0x06840000, 0x06840000, 0x06c80000)
 tenured generation   total 87424K, used 27327K [0x0f0a0000, 0x14600000, 0x24600000)
   the space 87424K,  31% used [0x0f0a0000, 0x10b4fc40, 0x10b4fe00, 0x14600000)
 Metaspace       used 19972K, capacity 20481K, committed 20608K, reserved 20864K
}
Event: 930.013 GC heap before
{Heap before GC invocations=7 (full 2):
 def new generation   total 39424K, used 39424K [0x04600000, 0x070c0000, 0x0f0a0000)
  eden space 35072K, 100% used [0x04600000, 0x06840000, 0x06840000)
  from space 4352K, 100% used [0x06c80000, 0x070c0000, 0x070c0000)
  to   space 4352K,   0% used [0x06840000, 0x06840000, 0x06c80000)
 tenured generation   total 87424K, used 27327K [0x0f0a0000, 0x14600000, 0x24600000)
   the space 87424K,  31% used [0x0f0a0000, 0x10b4fc40, 0x10b4fe00, 0x14600000)
 Metaspace       used 19976K, capacity 20489K, committed 20608K, reserved 20864K
Event: 930.019 GC heap after
Heap after GC invocations=8 (full 2):
 def new generation   total 39424K, used 4352K [0x04600000, 0x070c0000, 0x0f0a0000)
  eden space 35072K,   0% used [0x04600000, 0x04600000, 0x06840000)
  from space 4352K, 100% used [0x06840000, 0x06c80000, 0x06c80000)
  to   space 4352K,   0% used [0x06c80000, 0x06c80000, 0x070c0000)
 tenured generation   total 87424K, used 32160K [0x0f0a0000, 0x14600000, 0x24600000)
   the space 87424K,  36% used [0x0f0a0000, 0x110081b8, 0x11008200, 0x14600000)
 Metaspace       used 19976K, capacity 20489K, committed 20608K, reserved 20864K
}
Event: 1263.113 GC heap before
{Heap before GC invocations=8 (full 2):
 def new generation   total 39424K, used 39424K [0x04600000, 0x070c0000, 0x0f0a0000)
  eden space 35072K, 100% used [0x04600000, 0x06840000, 0x06840000)
  from space 4352K, 100% used [0x06840000, 0x06c80000, 0x06c80000)
  to   space 4352K,   0% used [0x06c80000, 0x06c80000, 0x070c0000)
 tenured generation   total 87424K, used 32160K [0x0f0a0000, 0x14600000, 0x24600000)
   the space 87424K,  36% used [0x0f0a0000, 0x110081b8, 0x11008200, 0x14600000)
 Metaspace       used 19977K, capacity 20489K, committed 20608K, reserved 20864K
Event: 1263.119 GC heap after
Heap after GC invocations=9 (full 2):
 def new generation   total 39424K, used 2455K [0x04600000, 0x070c0000, 0x0f0a0000)
  eden space 35072K,   0% used [0x04600000, 0x04600000, 0x06840000)
  from space 4352K,  56% used [0x06c80000, 0x06ee5ec8, 0x070c0000)
  to   space 4352K,   0% used [0x06840000, 0x06840000, 0x06c80000)
 tenured generation   total 87424K, used 36504K [0x0f0a0000, 0x14600000, 0x24600000)
   the space 87424K,  41% used [0x0f0a0000, 0x114462f0, 0x11446400, 0x14600000)
 Metaspace       used 19977K, capacity 20489K, committed 20608K, reserved 20864K
}
Event: 1487.395 GC heap before
{Heap before GC invocations=9 (full 2):
 def new generation   total 39424K, used 37527K [0x04600000, 0x070c0000, 0x0f0a0000)
  eden space 35072K, 100% used [0x04600000, 0x06840000, 0x06840000)
  from space 4352K,  56% used [0x06c80000, 0x06ee5ec8, 0x070c0000)
  to   space 4352K,   0% used [0x06840000, 0x06840000, 0x06c80000)
 tenured generation   total 87424K, used 36504K [0x0f0a0000, 0x14600000, 0x24600000)
   the space 87424K,  41% used [0x0f0a0000, 0x114462f0, 0x11446400, 0x14600000)
 Metaspace       used 19981K, capacity 20496K, committed 20608K, reserved 20864K
Event: 1487.400 GC heap after
Heap after GC invocations=10 (full 2):
 def new generation   total 39424K, used 4296K [0x04600000, 0x070c0000, 0x0f0a0000)
  eden space 35072K,   0% used [0x04600000, 0x04600000, 0x06840000)
  from space 4352K,  98% used [0x06840000, 0x06c72268, 0x06c80000)
  to   space 4352K,   0% used [0x06c80000, 0x06c80000, 0x070c0000)
 tenured generation   total 87424K, used 38881K [0x0f0a0000, 0x14600000, 0x24600000)
   the space 87424K,  44% used [0x0f0a0000, 0x11698550, 0x11698600, 0x14600000)
 Metaspace       used 19981K, capacity 20496K, committed 20608K, reserved 20864K
}
Event: 1760.864 GC heap before
{Heap before GC invocations=10 (full 2):
 def new generation   total 39424K, used 39368K [0x04600000, 0x070c0000, 0x0f0a0000)
  eden space 35072K, 100% used [0x04600000, 0x06840000, 0x06840000)
  from space 4352K,  98% used [0x06840000, 0x06c72268, 0x06c80000)
  to   space 4352K,   0% used [0x06c80000, 0x06c80000, 0x070c0000)
 tenured generation   total 87424K, used 38881K [0x0f0a0000, 0x14600000, 0x24600000)
   the space 87424K,  44% used [0x0f0a0000, 0x11698550, 0x11698600, 0x14600000)
 Metaspace       used 19981K, capacity 20496K, committed 20608K, reserved 20864K
Event: 1760.872 GC heap after
Heap after GC invocations=11 (full 2):
 def new generation   total 39424K, used 1K [0x04600000, 0x070c0000, 0x0f0a0000)
  eden space 35072K,   0% used [0x04600000, 0x04600000, 0x06840000)
  from space 4352K,   0% used [0x06c80000, 0x06c807a0, 0x070c0000)
  to   space 4352K,   0% used [0x06840000, 0x06840000, 0x06c80000)
 tenured generation   total 87424K, used 43168K [0x0f0a0000, 0x14600000, 0x24600000)
   the space 87424K,  49% used [0x0f0a0000, 0x11ac8220, 0x11ac8400, 0x14600000)
 Metaspace       used 19981K, capacity 20496K, committed 20608K, reserved 20864K
}

