# JRE version: Java(TM) SE Runtime Environment (8.0_92-b14) (build 1.8.0_92-b14)
# Java VM: Java HotSpot(TM) Client VM (25.92-b14 mixed mode windows-x86 )
Heap:
 def new generation   total 39424K, used 21867K [0x04e00000, 0x078c0000, 0x0f8a0000)
  eden space 35072K,  49% used [0x04e00000, 0x05f1aef8, 0x07040000)
  from space 4352K, 100% used [0x07040000, 0x07480000, 0x07480000)
  to   space 4352K,   0% used [0x07480000, 0x07480000, 0x078c0000)
 tenured generation   total 87424K, used 18102K [0x0f8a0000, 0x14e00000, 0x24e00000)
   the space 87424K,  20% used [0x0f8a0000, 0x10a4da60, 0x10a4dc00, 0x14e00000)
 Metaspace       used 17683K, capacity 18183K, committed 18304K, reserved 18816K
GC Heap History (10 events):
Event: 1.101 GC heap before
{Heap before GC invocations=0 (full 0):
 def new generation   total 39296K, used 34944K [0x04e00000, 0x078a0000, 0x0f8a0000)
  eden space 34944K, 100% used [0x04e00000, 0x07020000, 0x07020000)
  from space 4352K,   0% used [0x07020000, 0x07020000, 0x07460000)
  to   space 4352K,   0% used [0x07460000, 0x07460000, 0x078a0000)
 tenured generation   total 87424K, used 0K [0x0f8a0000, 0x14e00000, 0x24e00000)
   the space 87424K,   0% used [0x0f8a0000, 0x0f8a0000, 0x0f8a0200, 0x14e00000)
 Metaspace       used 9902K, capacity 10088K, committed 10112K, reserved 10624K
Event: 1.112 GC heap after
Heap after GC invocations=1 (full 0):
 def new generation   total 39296K, used 4352K [0x04e00000, 0x078a0000, 0x0f8a0000)
  eden space 34944K,   0% used [0x04e00000, 0x04e00000, 0x07020000)
  from space 4352K, 100% used [0x07460000, 0x078a0000, 0x078a0000)
  to   space 4352K,   0% used [0x07020000, 0x07020000, 0x07460000)
 tenured generation   total 87424K, used 2788K [0x0f8a0000, 0x14e00000, 0x24e00000)
   the space 87424K,   3% used [0x0f8a0000, 0x0fb590e8, 0x0fb59200, 0x14e00000)
 Metaspace       used 9902K, capacity 10088K, committed 10112K, reserved 10624K
}
Event: 1.616 GC heap before
{Heap before GC invocations=1 (full 0):
 def new generation   total 39296K, used 39296K [0x04e00000, 0x078a0000, 0x0f8a0000)
  eden space 34944K, 100% used [0x04e00000, 0x07020000, 0x07020000)
  from space 4352K, 100% used [0x07460000, 0x078a0000, 0x078a0000)
  to   space 4352K,   0% used [0x07020000, 0x07020000, 0x07460000)
 tenured generation   total 87424K, used 2788K [0x0f8a0000, 0x14e00000, 0x24e00000)
   the space 87424K,   3% used [0x0f8a0000, 0x0fb590e8, 0x0fb59200, 0x14e00000)
 Metaspace       used 11464K, capacity 11859K, committed 11904K, reserved 12672K
Event: 1.635 GC heap after
Heap after GC invocations=2 (full 0):
 def new generation   total 39296K, used 4352K [0x04e00000, 0x078a0000, 0x0f8a0000)
  eden space 34944K,   0% used [0x04e00000, 0x04e00000, 0x07020000)
  from space 4352K, 100% used [0x07020000, 0x07460000, 0x07460000)
  to   space 4352K,   0% used [0x07460000, 0x07460000, 0x078a0000)
 tenured generation   total 87424K, used 8306K [0x0f8a0000, 0x14e00000, 0x24e00000)
   the space 87424K,   9% used [0x0f8a0000, 0x100bc9a0, 0x100bca00, 0x14e00000)
 Metaspace       used 11464K, capacity 11859K, committed 11904K, reserved 12672K
}
Event: 1.929 GC heap before
{Heap before GC invocations=2 (full 0):
 def new generation   total 39296K, used 19190K [0x04e00000, 0x078a0000, 0x0f8a0000)
  eden space 34944K,  42% used [0x04e00000, 0x05c7d810, 0x07020000)
  from space 4352K, 100% used [0x07020000, 0x07460000, 0x07460000)
  to   space 4352K,   0% used [0x07460000, 0x07460000, 0x078a0000)
 tenured generation   total 87424K, used 8306K [0x0f8a0000, 0x14e00000, 0x24e00000)
   the space 87424K,   9% used [0x0f8a0000, 0x100bc9a0, 0x100bca00, 0x14e00000)
 Metaspace       used 11879K, capacity 12251K, committed 12288K, reserved 12672K
Event: 1.953 GC heap after
Heap after GC invocations=3 (full 1):
 def new generation   total 39424K, used 0K [0x04e00000, 0x078c0000, 0x0f8a0000)
  eden space 35072K,   0% used [0x04e00000, 0x04e00000, 0x07040000)
  from space 4352K,   0% used [0x07040000, 0x07040000, 0x07480000)
  to   space 4352K,   0% used [0x07480000, 0x07480000, 0x078c0000)
 tenured generation   total 87424K, used 13073K [0x0f8a0000, 0x14e00000, 0x24e00000)
   the space 87424K,  14% used [0x0f8a0000, 0x105646a0, 0x10564800, 0x14e00000)
 Metaspace       used 11879K, capacity 12251K, committed 12288K, reserved 12672K
}
Event: 3.016 GC heap before
{Heap before GC invocations=3 (full 1):
 def new generation   total 39424K, used 35072K [0x04e00000, 0x078c0000, 0x0f8a0000)
  eden space 35072K, 100% used [0x04e00000, 0x07040000, 0x07040000)
  from space 4352K,   0% used [0x07040000, 0x07040000, 0x07480000)
  to   space 4352K,   0% used [0x07480000, 0x07480000, 0x078c0000)
 tenured generation   total 87424K, used 13073K [0x0f8a0000, 0x14e00000, 0x24e00000)
   the space 87424K,  14% used [0x0f8a0000, 0x105646a0, 0x10564800, 0x14e00000)
 Metaspace       used 15719K, capacity 16154K, committed 16256K, reserved 16768K
Event: 3.026 GC heap after
Heap after GC invocations=4 (full 1):
 def new generation   total 39424K, used 4352K [0x04e00000, 0x078c0000, 0x0f8a0000)
  eden space 35072K,   0% used [0x04e00000, 0x04e00000, 0x07040000)
  from space 4352K, 100% used [0x07480000, 0x078c0000, 0x078c0000)
  to   space 4352K,   0% used [0x07040000, 0x07040000, 0x07480000)
 tenured generation   total 87424K, used 14568K [0x0f8a0000, 0x14e00000, 0x24e00000)
   the space 87424K,  16% used [0x0f8a0000, 0x106da0b0, 0x106da200, 0x14e00000)
 Metaspace       used 15719K, capacity 16154K, committed 16256K, reserved 16768K
}
Event: 22.771 GC heap before
{Heap before GC invocations=4 (full 1):
 def new generation   total 39424K, used 39424K [0x04e00000, 0x078c0000, 0x0f8a0000)
  eden space 35072K, 100% used [0x04e00000, 0x07040000, 0x07040000)
  from space 4352K, 100% used [0x07480000, 0x078c0000, 0x078c0000)
  to   space 4352K,   0% used [0x07040000, 0x07040000, 0x07480000)
 tenured generation   total 87424K, used 14568K [0x0f8a0000, 0x14e00000, 0x24e00000)
   the space 87424K,  16% used [0x0f8a0000, 0x106da0b0, 0x106da200, 0x14e00000)
 Metaspace       used 17666K, capacity 18149K, committed 18176K, reserved 18816K
Event: 22.803 GC heap after
Heap after GC invocations=5 (full 1):
 def new generation   total 39424K, used 4352K [0x04e00000, 0x078c0000, 0x0f8a0000)
  eden space 35072K,   0% used [0x04e00000, 0x04e00000, 0x07040000)
  from space 4352K, 100% used [0x07040000, 0x07480000, 0x07480000)
  to   space 4352K,   0% used [0x07480000, 0x07480000, 0x078c0000)
 tenured generation   total 87424K, used 18102K [0x0f8a0000, 0x14e00000, 0x24e00000)
   the space 87424K,  20% used [0x0f8a0000, 0x10a4da60, 0x10a4dc00, 0x14e00000)
 Metaspace       used 17666K, capacity 18149K, committed 18176K, reserved 18816K
}

