# JRE version: Java(TM) SE Runtime Environment (8.0_92-b14) (build 1.8.0_92-b14)
# Java VM: Java HotSpot(TM) Client VM (25.92-b14 mixed mode windows-x86 )
Heap:
 def new generation   total 39424K, used 25366K [0x04800000, 0x072c0000, 0x0f2a0000)
  eden space 35072K,  64% used [0x04800000, 0x05e37b58, 0x06a40000)
  from space 4352K,  60% used [0x06a40000, 0x06ccdca8, 0x06e80000)
  to   space 4352K,   0% used [0x06e80000, 0x06e80000, 0x072c0000)
 tenured generation   total 87424K, used 31390K [0x0f2a0000, 0x14800000, 0x24800000)
   the space 87424K,  35% used [0x0f2a0000, 0x11147960, 0x11147a00, 0x14800000)
 Metaspace       used 19972K, capacity 20444K, committed 20480K, reserved 20864K
GC Heap History (10 events):
Event: 3.568 GC heap before
{Heap before GC invocations=2 (full 0):
 def new generation   total 39296K, used 23141K [0x04800000, 0x072a0000, 0x0f2a0000)
  eden space 34944K,  53% used [0x04800000, 0x05a597d0, 0x06a20000)
  from space 4352K, 100% used [0x06a20000, 0x06e60000, 0x06e60000)
  to   space 4352K,   0% used [0x06e60000, 0x06e60000, 0x072a0000)
 tenured generation   total 87424K, used 7894K [0x0f2a0000, 0x14800000, 0x24800000)
   the space 87424K,   9% used [0x0f2a0000, 0x0fa55808, 0x0fa55a00, 0x14800000)
 Metaspace       used 11858K, capacity 12243K, committed 12288K, reserved 12672K
Event: 3.595 GC heap after
Heap after GC invocations=3 (full 1):
 def new generation   total 39424K, used 0K [0x04800000, 0x072c0000, 0x0f2a0000)
  eden space 35072K,   0% used [0x04800000, 0x04800000, 0x06a40000)
  from space 4352K,   0% used [0x06a40000, 0x06a40000, 0x06e80000)
  to   space 4352K,   0% used [0x06e80000, 0x06e80000, 0x072c0000)
 tenured generation   total 87424K, used 13044K [0x0f2a0000, 0x14800000, 0x24800000)
   the space 87424K,  14% used [0x0f2a0000, 0x0ff5d308, 0x0ff5d400, 0x14800000)
 Metaspace       used 11858K, capacity 12243K, committed 12288K, reserved 12672K
}
Event: 5.941 GC heap before
{Heap before GC invocations=3 (full 1):
 def new generation   total 39424K, used 35072K [0x04800000, 0x072c0000, 0x0f2a0000)
  eden space 35072K, 100% used [0x04800000, 0x06a40000, 0x06a40000)
  from space 4352K,   0% used [0x06a40000, 0x06a40000, 0x06e80000)
  to   space 4352K,   0% used [0x06e80000, 0x06e80000, 0x072c0000)
 tenured generation   total 87424K, used 13044K [0x0f2a0000, 0x14800000, 0x24800000)
   the space 87424K,  14% used [0x0f2a0000, 0x0ff5d308, 0x0ff5d400, 0x14800000)
 Metaspace       used 15722K, capacity 16154K, committed 16256K, reserved 16768K
Event: 5.951 GC heap after
Heap after GC invocations=4 (full 1):
 def new generation   total 39424K, used 4352K [0x04800000, 0x072c0000, 0x0f2a0000)
  eden space 35072K,   0% used [0x04800000, 0x04800000, 0x06a40000)
  from space 4352K, 100% used [0x06e80000, 0x072c0000, 0x072c0000)
  to   space 4352K,   0% used [0x06a40000, 0x06a40000, 0x06e80000)
 tenured generation   total 87424K, used 14522K [0x0f2a0000, 0x14800000, 0x24800000)
   the space 87424K,  16% used [0x0f2a0000, 0x100ce898, 0x100cea00, 0x14800000)
 Metaspace       used 15722K, capacity 16154K, committed 16256K, reserved 16768K
}
Event: 67.829 GC heap before
{Heap before GC invocations=4 (full 1):
 def new generation   total 39424K, used 39424K [0x04800000, 0x072c0000, 0x0f2a0000)
  eden space 35072K, 100% used [0x04800000, 0x06a40000, 0x06a40000)
  from space 4352K, 100% used [0x06e80000, 0x072c0000, 0x072c0000)
  to   space 4352K,   0% used [0x06a40000, 0x06a40000, 0x06e80000)
 tenured generation   total 87424K, used 14522K [0x0f2a0000, 0x14800000, 0x24800000)
   the space 87424K,  16% used [0x0f2a0000, 0x100ce898, 0x100cea00, 0x14800000)
 Metaspace       used 18535K, capacity 19031K, committed 19072K, reserved 19840K
Event: 67.845 GC heap after
Heap after GC invocations=5 (full 1):
 def new generation   total 39424K, used 4352K [0x04800000, 0x072c0000, 0x0f2a0000)
  eden space 35072K,   0% used [0x04800000, 0x04800000, 0x06a40000)
  from space 4352K, 100% used [0x06a40000, 0x06e80000, 0x06e80000)
  to   space 4352K,   0% used [0x06e80000, 0x06e80000, 0x072c0000)
 tenured generation   total 87424K, used 20265K [0x0f2a0000, 0x14800000, 0x24800000)
   the space 87424K,  23% used [0x0f2a0000, 0x1066a790, 0x1066a800, 0x14800000)
 Metaspace       used 18535K, capacity 19031K, committed 19072K, reserved 19840K
}
Event: 83.099 GC heap before
{Heap before GC invocations=5 (full 1):
 def new generation   total 39424K, used 39424K [0x04800000, 0x072c0000, 0x0f2a0000)
  eden space 35072K, 100% used [0x04800000, 0x06a40000, 0x06a40000)
  from space 4352K, 100% used [0x06a40000, 0x06e80000, 0x06e80000)
  to   space 4352K,   0% used [0x06e80000, 0x06e80000, 0x072c0000)
 tenured generation   total 87424K, used 20265K [0x0f2a0000, 0x14800000, 0x24800000)
   the space 87424K,  23% used [0x0f2a0000, 0x1066a790, 0x1066a800, 0x14800000)
 Metaspace       used 19940K, capacity 20412K, committed 20480K, reserved 20864K
Event: 83.118 GC heap after
Heap after GC invocations=6 (full 1):
 def new generation   total 39424K, used 4352K [0x04800000, 0x072c0000, 0x0f2a0000)
  eden space 35072K,   0% used [0x04800000, 0x04800000, 0x06a40000)
  from space 4352K, 100% used [0x06e80000, 0x072c0000, 0x072c0000)
  to   space 4352K,   0% used [0x06a40000, 0x06a40000, 0x06e80000)
 tenured generation   total 87424K, used 27106K [0x0f2a0000, 0x14800000, 0x24800000)
   the space 87424K,  31% used [0x0f2a0000, 0x10d18b90, 0x10d18c00, 0x14800000)
 Metaspace       used 19940K, capacity 20412K, committed 20480K, reserved 20864K
}
Event: 634.426 GC heap before
{Heap before GC invocations=6 (full 1):
 def new generation   total 39424K, used 39424K [0x04800000, 0x072c0000, 0x0f2a0000)
  eden space 35072K, 100% used [0x04800000, 0x06a40000, 0x06a40000)
  from space 4352K, 100% used [0x06e80000, 0x072c0000, 0x072c0000)
  to   space 4352K,   0% used [0x06a40000, 0x06a40000, 0x06e80000)
 tenured generation   total 87424K, used 27106K [0x0f2a0000, 0x14800000, 0x24800000)
   the space 87424K,  31% used [0x0f2a0000, 0x10d18b90, 0x10d18c00, 0x14800000)
 Metaspace       used 19962K, capacity 20444K, committed 20480K, reserved 20864K
Event: 634.434 GC heap after
Heap after GC invocations=7 (full 1):
 def new generation   total 39424K, used 2615K [0x04800000, 0x072c0000, 0x0f2a0000)
  eden space 35072K,   0% used [0x04800000, 0x04800000, 0x06a40000)
  from space 4352K,  60% used [0x06a40000, 0x06ccdca8, 0x06e80000)
  to   space 4352K,   0% used [0x06e80000, 0x06e80000, 0x072c0000)
 tenured generation   total 87424K, used 31390K [0x0f2a0000, 0x14800000, 0x24800000)
   the space 87424K,  35% used [0x0f2a0000, 0x11147960, 0x11147a00, 0x14800000)
 Metaspace       used 19962K, capacity 20444K, committed 20480K, reserved 20864K
}

