# JRE version: Java(TM) SE Runtime Environment (8.0_92-b14) (build 1.8.0_92-b14)
# Java VM: Java HotSpot(TM) Client VM (25.92-b14 mixed mode windows-x86 )
Heap:
 def new generation   total 39424K, used 16884K [0x04400000, 0x06ec0000, 0x0eea0000)
  eden space 35072K,  45% used [0x04400000, 0x05376c70, 0x06640000)
  from space 4352K,  24% used [0x06a80000, 0x06b86448, 0x06ec0000)
  to   space 4352K,   0% used [0x06640000, 0x06640000, 0x06a80000)
 tenured generation   total 87424K, used 32726K [0x0eea0000, 0x14400000, 0x24400000)
   the space 87424K,  37% used [0x0eea0000, 0x10e958c8, 0x10e95a00, 0x14400000)
 Metaspace       used 18721K, capacity 19233K, committed 19328K, reserved 19840K
GC Heap History (10 events):
Event: 1886.101 GC heap before
{Heap before GC invocations=9 (full 1):
 def new generation   total 39424K, used 35072K [0x04400000, 0x06ec0000, 0x0eea0000)
  eden space 35072K, 100% used [0x04400000, 0x06640000, 0x06640000)
  from space 4352K,   0% used [0x06640000, 0x06640368, 0x06a80000)
  to   space 4352K,   0% used [0x06a80000, 0x06a80000, 0x06ec0000)
 tenured generation   total 87424K, used 32726K [0x0eea0000, 0x14400000, 0x24400000)
   the space 87424K,  37% used [0x0eea0000, 0x10e958c8, 0x10e95a00, 0x14400000)
 Metaspace       used 18720K, capacity 19201K, committed 19328K, reserved 19840K
Event: 1886.105 GC heap after
Heap after GC invocations=10 (full 1):
 def new generation   total 39424K, used 1K [0x04400000, 0x06ec0000, 0x0eea0000)
  eden space 35072K,   0% used [0x04400000, 0x04400000, 0x06640000)
  from space 4352K,   0% used [0x06a80000, 0x06a80408, 0x06ec0000)
  to   space 4352K,   0% used [0x06640000, 0x06640000, 0x06a80000)
 tenured generation   total 87424K, used 32726K [0x0eea0000, 0x14400000, 0x24400000)
   the space 87424K,  37% used [0x0eea0000, 0x10e958c8, 0x10e95a00, 0x14400000)
 Metaspace       used 18720K, capacity 19201K, committed 19328K, reserved 19840K
}
Event: 2516.029 GC heap before
{Heap before GC invocations=10 (full 1):
 def new generation   total 39424K, used 35073K [0x04400000, 0x06ec0000, 0x0eea0000)
  eden space 35072K, 100% used [0x04400000, 0x06640000, 0x06640000)
  from space 4352K,   0% used [0x06a80000, 0x06a80408, 0x06ec0000)
  to   space 4352K,   0% used [0x06640000, 0x06640000, 0x06a80000)
 tenured generation   total 87424K, used 32726K [0x0eea0000, 0x14400000, 0x24400000)
   the space 87424K,  37% used [0x0eea0000, 0x10e958c8, 0x10e95a00, 0x14400000)
 Metaspace       used 18720K, capacity 19201K, committed 19328K, reserved 19840K
Event: 2516.035 GC heap after
Heap after GC invocations=11 (full 1):
 def new generation   total 39424K, used 1K [0x04400000, 0x06ec0000, 0x0eea0000)
  eden space 35072K,   0% used [0x04400000, 0x04400000, 0x06640000)
  from space 4352K,   0% used [0x06640000, 0x066405e8, 0x06a80000)
  to   space 4352K,   0% used [0x06a80000, 0x06a80000, 0x06ec0000)
 tenured generation   total 87424K, used 32726K [0x0eea0000, 0x14400000, 0x24400000)
   the space 87424K,  37% used [0x0eea0000, 0x10e958c8, 0x10e95a00, 0x14400000)
 Metaspace       used 18720K, capacity 19201K, committed 19328K, reserved 19840K
}
Event: 3070.029 GC heap before
{Heap before GC invocations=11 (full 1):
 def new generation   total 39424K, used 35073K [0x04400000, 0x06ec0000, 0x0eea0000)
  eden space 35072K, 100% used [0x04400000, 0x06640000, 0x06640000)
  from space 4352K,   0% used [0x06640000, 0x066405e8, 0x06a80000)
  to   space 4352K,   0% used [0x06a80000, 0x06a80000, 0x06ec0000)
 tenured generation   total 87424K, used 32726K [0x0eea0000, 0x14400000, 0x24400000)
   the space 87424K,  37% used [0x0eea0000, 0x10e958c8, 0x10e95a00, 0x14400000)
 Metaspace       used 18720K, capacity 19201K, committed 19328K, reserved 19840K
Event: 3070.031 GC heap after
Heap after GC invocations=12 (full 1):
 def new generation   total 39424K, used 250K [0x04400000, 0x06ec0000, 0x0eea0000)
  eden space 35072K,   0% used [0x04400000, 0x04400000, 0x06640000)
  from space 4352K,   5% used [0x06a80000, 0x06abe858, 0x06ec0000)
  to   space 4352K,   0% used [0x06640000, 0x06640000, 0x06a80000)
 tenured generation   total 87424K, used 32726K [0x0eea0000, 0x14400000, 0x24400000)
   the space 87424K,  37% used [0x0eea0000, 0x10e958c8, 0x10e95a00, 0x14400000)
 Metaspace       used 18720K, capacity 19201K, committed 19328K, reserved 19840K
}
Event: 3365.420 GC heap before
{Heap before GC invocations=12 (full 1):
 def new generation   total 39424K, used 35322K [0x04400000, 0x06ec0000, 0x0eea0000)
  eden space 35072K, 100% used [0x04400000, 0x06640000, 0x06640000)
  from space 4352K,   5% used [0x06a80000, 0x06abe858, 0x06ec0000)
  to   space 4352K,   0% used [0x06640000, 0x06640000, 0x06a80000)
 tenured generation   total 87424K, used 32726K [0x0eea0000, 0x14400000, 0x24400000)
   the space 87424K,  37% used [0x0eea0000, 0x10e958c8, 0x10e95a00, 0x14400000)
 Metaspace       used 18721K, capacity 19233K, committed 19328K, reserved 19840K
Event: 3365.427 GC heap after
Heap after GC invocations=13 (full 1):
 def new generation   total 39424K, used 358K [0x04400000, 0x06ec0000, 0x0eea0000)
  eden space 35072K,   0% used [0x04400000, 0x04400000, 0x06640000)
  from space 4352K,   8% used [0x06640000, 0x06699a60, 0x06a80000)
  to   space 4352K,   0% used [0x06a80000, 0x06a80000, 0x06ec0000)
 tenured generation   total 87424K, used 32726K [0x0eea0000, 0x14400000, 0x24400000)
   the space 87424K,  37% used [0x0eea0000, 0x10e958c8, 0x10e95a00, 0x14400000)
 Metaspace       used 18721K, capacity 19233K, committed 19328K, reserved 19840K
}
Event: 3425.081 GC heap before
{Heap before GC invocations=13 (full 1):
 def new generation   total 39424K, used 35430K [0x04400000, 0x06ec0000, 0x0eea0000)
  eden space 35072K, 100% used [0x04400000, 0x06640000, 0x06640000)
  from space 4352K,   8% used [0x06640000, 0x06699a60, 0x06a80000)
  to   space 4352K,   0% used [0x06a80000, 0x06a80000, 0x06ec0000)
 tenured generation   total 87424K, used 32726K [0x0eea0000, 0x14400000, 0x24400000)
   the space 87424K,  37% used [0x0eea0000, 0x10e958c8, 0x10e95a00, 0x14400000)
 Metaspace       used 18721K, capacity 19233K, committed 19328K, reserved 19840K
Event: 3425.095 GC heap after
Heap after GC invocations=14 (full 1):
 def new generation   total 39424K, used 1049K [0x04400000, 0x06ec0000, 0x0eea0000)
  eden space 35072K,   0% used [0x04400000, 0x04400000, 0x06640000)
  from space 4352K,  24% used [0x06a80000, 0x06b86448, 0x06ec0000)
  to   space 4352K,   0% used [0x06640000, 0x06640000, 0x06a80000)
 tenured generation   total 87424K, used 32726K [0x0eea0000, 0x14400000, 0x24400000)
   the space 87424K,  37% used [0x0eea0000, 0x10e958c8, 0x10e95a00, 0x14400000)
 Metaspace       used 18721K, capacity 19233K, committed 19328K, reserved 19840K
}

