# JRE version: Java(TM) SE Runtime Environment (8.0_92-b14) (build 1.8.0_92-b14)
# Java VM: Java HotSpot(TM) Client VM (25.92-b14 mixed mode windows-x86 )
Heap:
 def new generation   total 39424K, used 27371K [0x04600000, 0x070c0000, 0x0f0a0000)
  eden space 35072K,  67% used [0x04600000, 0x05cf3db0, 0x06840000)
  from space 4352K,  88% used [0x06c80000, 0x07046e58, 0x070c0000)
  to   space 4352K,   0% used [0x06840000, 0x06840000, 0x06c80000)
 tenured generation   total 87424K, used 24379K [0x0f0a0000, 0x14600000, 0x24600000)
   the space 87424K,  27% used [0x0f0a0000, 0x1086ef28, 0x1086f000, 0x14600000)
 Metaspace       used 18536K, capacity 19045K, committed 19072K, reserved 19840K
GC Heap History (10 events):
Event: 1.693 GC heap before
{Heap before GC invocations=1 (full 0):
 def new generation   total 39296K, used 39296K [0x04600000, 0x070a0000, 0x0f0a0000)
  eden space 34944K, 100% used [0x04600000, 0x06820000, 0x06820000)
  from space 4352K, 100% used [0x06c60000, 0x070a0000, 0x070a0000)
  to   space 4352K,   0% used [0x06820000, 0x06820000, 0x06c60000)
 tenured generation   total 87424K, used 2789K [0x0f0a0000, 0x14600000, 0x24600000)
   the space 87424K,   3% used [0x0f0a0000, 0x0f3596e8, 0x0f359800, 0x14600000)
 Metaspace       used 11471K, capacity 11867K, committed 11904K, reserved 12672K
Event: 1.712 GC heap after
Heap after GC invocations=2 (full 0):
 def new generation   total 39296K, used 4352K [0x04600000, 0x070a0000, 0x0f0a0000)
  eden space 34944K,   0% used [0x04600000, 0x04600000, 0x06820000)
  from space 4352K, 100% used [0x06820000, 0x06c60000, 0x06c60000)
  to   space 4352K,   0% used [0x06c60000, 0x06c60000, 0x070a0000)
 tenured generation   total 87424K, used 8372K [0x0f0a0000, 0x14600000, 0x24600000)
   the space 87424K,   9% used [0x0f0a0000, 0x0f8cd0a8, 0x0f8cd200, 0x14600000)
 Metaspace       used 11471K, capacity 11867K, committed 11904K, reserved 12672K
}
Event: 2.006 GC heap before
{Heap before GC invocations=2 (full 0):
 def new generation   total 39296K, used 19865K [0x04600000, 0x070a0000, 0x0f0a0000)
  eden space 34944K,  44% used [0x04600000, 0x055266a8, 0x06820000)
  from space 4352K, 100% used [0x06820000, 0x06c60000, 0x06c60000)
  to   space 4352K,   0% used [0x06c60000, 0x06c60000, 0x070a0000)
 tenured generation   total 87424K, used 8372K [0x0f0a0000, 0x14600000, 0x24600000)
   the space 87424K,   9% used [0x0f0a0000, 0x0f8cd0a8, 0x0f8cd200, 0x14600000)
 Metaspace       used 11858K, capacity 12251K, committed 12288K, reserved 12672K
Event: 2.030 GC heap after
Heap after GC invocations=3 (full 1):
 def new generation   total 39424K, used 0K [0x04600000, 0x070c0000, 0x0f0a0000)
  eden space 35072K,   0% used [0x04600000, 0x04600000, 0x06840000)
  from space 4352K,   0% used [0x06840000, 0x06840000, 0x06c80000)
  to   space 4352K,   0% used [0x06c80000, 0x06c80000, 0x070c0000)
 tenured generation   total 87424K, used 13197K [0x0f0a0000, 0x14600000, 0x24600000)
   the space 87424K,  15% used [0x0f0a0000, 0x0fd836f8, 0x0fd83800, 0x14600000)
 Metaspace       used 11858K, capacity 12251K, committed 12288K, reserved 12672K
}
Event: 3.093 GC heap before
{Heap before GC invocations=3 (full 1):
 def new generation   total 39424K, used 35072K [0x04600000, 0x070c0000, 0x0f0a0000)
  eden space 35072K, 100% used [0x04600000, 0x06840000, 0x06840000)
  from space 4352K,   0% used [0x06840000, 0x06840000, 0x06c80000)
  to   space 4352K,   0% used [0x06c80000, 0x06c80000, 0x070c0000)
 tenured generation   total 87424K, used 13197K [0x0f0a0000, 0x14600000, 0x24600000)
   the space 87424K,  15% used [0x0f0a0000, 0x0fd836f8, 0x0fd83800, 0x14600000)
 Metaspace       used 15724K, capacity 16161K, committed 16256K, reserved 16768K
Event: 3.103 GC heap after
Heap after GC invocations=4 (full 1):
 def new generation   total 39424K, used 4352K [0x04600000, 0x070c0000, 0x0f0a0000)
  eden space 35072K,   0% used [0x04600000, 0x04600000, 0x06840000)
  from space 4352K, 100% used [0x06c80000, 0x070c0000, 0x070c0000)
  to   space 4352K,   0% used [0x06840000, 0x06840000, 0x06c80000)
 tenured generation   total 87424K, used 14671K [0x0f0a0000, 0x14600000, 0x24600000)
   the space 87424K,  16% used [0x0f0a0000, 0x0fef3f80, 0x0fef4000, 0x14600000)
 Metaspace       used 15724K, capacity 16161K, committed 16256K, reserved 16768K
}
Event: 28.648 GC heap before
{Heap before GC invocations=4 (full 1):
 def new generation   total 39424K, used 39424K [0x04600000, 0x070c0000, 0x0f0a0000)
  eden space 35072K, 100% used [0x04600000, 0x06840000, 0x06840000)
  from space 4352K, 100% used [0x06c80000, 0x070c0000, 0x070c0000)
  to   space 4352K,   0% used [0x06840000, 0x06840000, 0x06c80000)
 tenured generation   total 87424K, used 14671K [0x0f0a0000, 0x14600000, 0x24600000)
   the space 87424K,  16% used [0x0f0a0000, 0x0fef3f80, 0x0fef4000, 0x14600000)
 Metaspace       used 17631K, capacity 18117K, committed 18176K, reserved 18816K
Event: 28.671 GC heap after
Heap after GC invocations=5 (full 1):
 def new generation   total 39424K, used 4352K [0x04600000, 0x070c0000, 0x0f0a0000)
  eden space 35072K,   0% used [0x04600000, 0x04600000, 0x06840000)
  from space 4352K, 100% used [0x06840000, 0x06c80000, 0x06c80000)
  to   space 4352K,   0% used [0x06c80000, 0x06c80000, 0x070c0000)
 tenured generation   total 87424K, used 20051K [0x0f0a0000, 0x14600000, 0x24600000)
   the space 87424K,  22% used [0x0f0a0000, 0x10434f30, 0x10435000, 0x14600000)
 Metaspace       used 17631K, capacity 18117K, committed 18176K, reserved 18816K
}
Event: 63.445 GC heap before
{Heap before GC invocations=5 (full 1):
 def new generation   total 39424K, used 39424K [0x04600000, 0x070c0000, 0x0f0a0000)
  eden space 35072K, 100% used [0x04600000, 0x06840000, 0x06840000)
  from space 4352K, 100% used [0x06840000, 0x06c80000, 0x06c80000)
  to   space 4352K,   0% used [0x06c80000, 0x06c80000, 0x070c0000)
 tenured generation   total 87424K, used 20051K [0x0f0a0000, 0x14600000, 0x24600000)
   the space 87424K,  22% used [0x0f0a0000, 0x10434f30, 0x10435000, 0x14600000)
 Metaspace       used 18318K, capacity 18784K, committed 18816K, reserved 18816K
Event: 63.455 GC heap after
Heap after GC invocations=6 (full 1):
 def new generation   total 39424K, used 3867K [0x04600000, 0x070c0000, 0x0f0a0000)
  eden space 35072K,   0% used [0x04600000, 0x04600000, 0x06840000)
  from space 4352K,  88% used [0x06c80000, 0x07046e58, 0x070c0000)
  to   space 4352K,   0% used [0x06840000, 0x06840000, 0x06c80000)
 tenured generation   total 87424K, used 24379K [0x0f0a0000, 0x14600000, 0x24600000)
   the space 87424K,  27% used [0x0f0a0000, 0x1086ef28, 0x1086f000, 0x14600000)
 Metaspace       used 18318K, capacity 18784K, committed 18816K, reserved 18816K
}

