# JRE version: Java(TM) SE Runtime Environment (8.0_92-b14) (build 1.8.0_92-b14)
# Java VM: Java HotSpot(TM) Client VM (25.92-b14 mixed mode windows-x86 )
Heap:
 def new generation   total 39424K, used 6517K [0x04a00000, 0x074c0000, 0x0f4a0000)
  eden space 35072K,  18% used [0x04a00000, 0x0505d760, 0x06c40000)
  from space 4352K,   0% used [0x07080000, 0x07080000, 0x074c0000)
  to   space 4352K,   0% used [0x06c40000, 0x06c40000, 0x07080000)
 tenured generation   total 87424K, used 26509K [0x0f4a0000, 0x14a00000, 0x24a00000)
   the space 87424K,  30% used [0x0f4a0000, 0x10e83548, 0x10e83600, 0x14a00000)
 Metaspace       used 19985K, capacity 20476K, committed 20608K, reserved 20864K
GC Heap History (10 events):
Event: 1.906 GC heap before
{Heap before GC invocations=2 (full 0):
 def new generation   total 39296K, used 19297K [0x04a00000, 0x074a0000, 0x0f4a0000)
  eden space 34944K,  42% used [0x04a00000, 0x058984a0, 0x06c20000)
  from space 4352K, 100% used [0x06c20000, 0x07060000, 0x07060000)
  to   space 4352K,   0% used [0x07060000, 0x07060000, 0x074a0000)
 tenured generation   total 87424K, used 8310K [0x0f4a0000, 0x14a00000, 0x24a00000)
   the space 87424K,   9% used [0x0f4a0000, 0x0fcbd878, 0x0fcbda00, 0x14a00000)
 Metaspace       used 11879K, capacity 12251K, committed 12288K, reserved 12672K
Event: 1.931 GC heap after
Heap after GC invocations=3 (full 1):
 def new generation   total 39424K, used 0K [0x04a00000, 0x074c0000, 0x0f4a0000)
  eden space 35072K,   0% used [0x04a00000, 0x04a00000, 0x06c40000)
  from space 4352K,   0% used [0x06c40000, 0x06c40000, 0x07080000)
  to   space 4352K,   0% used [0x07080000, 0x07080000, 0x074c0000)
 tenured generation   total 87424K, used 13059K [0x0f4a0000, 0x14a00000, 0x24a00000)
   the space 87424K,  14% used [0x0f4a0000, 0x10160fe8, 0x10161000, 0x14a00000)
 Metaspace       used 11879K, capacity 12251K, committed 12288K, reserved 12672K
}
Event: 2.943 GC heap before
{Heap before GC invocations=3 (full 1):
 def new generation   total 39424K, used 35072K [0x04a00000, 0x074c0000, 0x0f4a0000)
  eden space 35072K, 100% used [0x04a00000, 0x06c40000, 0x06c40000)
  from space 4352K,   0% used [0x06c40000, 0x06c40000, 0x07080000)
  to   space 4352K,   0% used [0x07080000, 0x07080000, 0x074c0000)
 tenured generation   total 87424K, used 13059K [0x0f4a0000, 0x14a00000, 0x24a00000)
   the space 87424K,  14% used [0x0f4a0000, 0x10160fe8, 0x10161000, 0x14a00000)
 Metaspace       used 15718K, capacity 16154K, committed 16256K, reserved 16768K
Event: 2.954 GC heap after
Heap after GC invocations=4 (full 1):
 def new generation   total 39424K, used 4352K [0x04a00000, 0x074c0000, 0x0f4a0000)
  eden space 35072K,   0% used [0x04a00000, 0x04a00000, 0x06c40000)
  from space 4352K, 100% used [0x07080000, 0x074c0000, 0x074c0000)
  to   space 4352K,   0% used [0x06c40000, 0x06c40000, 0x07080000)
 tenured generation   total 87424K, used 14550K [0x0f4a0000, 0x14a00000, 0x24a00000)
   the space 87424K,  16% used [0x0f4a0000, 0x102d5a50, 0x102d5c00, 0x14a00000)
 Metaspace       used 15718K, capacity 16154K, committed 16256K, reserved 16768K
}
Event: 12.976 GC heap before
{Heap before GC invocations=4 (full 1):
 def new generation   total 39424K, used 39424K [0x04a00000, 0x074c0000, 0x0f4a0000)
  eden space 35072K, 100% used [0x04a00000, 0x06c40000, 0x06c40000)
  from space 4352K, 100% used [0x07080000, 0x074c0000, 0x074c0000)
  to   space 4352K,   0% used [0x06c40000, 0x06c40000, 0x07080000)
 tenured generation   total 87424K, used 14550K [0x0f4a0000, 0x14a00000, 0x24a00000)
   the space 87424K,  16% used [0x0f4a0000, 0x102d5a50, 0x102d5c00, 0x14a00000)
 Metaspace       used 17661K, capacity 18151K, committed 18176K, reserved 18816K
Event: 12.988 GC heap after
Heap after GC invocations=5 (full 1):
 def new generation   total 39424K, used 4352K [0x04a00000, 0x074c0000, 0x0f4a0000)
  eden space 35072K,   0% used [0x04a00000, 0x04a00000, 0x06c40000)
  from space 4352K, 100% used [0x06c40000, 0x07080000, 0x07080000)
  to   space 4352K,   0% used [0x07080000, 0x07080000, 0x074c0000)
 tenured generation   total 87424K, used 18316K [0x0f4a0000, 0x14a00000, 0x24a00000)
   the space 87424K,  20% used [0x0f4a0000, 0x106831e8, 0x10683200, 0x14a00000)
 Metaspace       used 17661K, capacity 18151K, committed 18176K, reserved 18816K
}
Event: 64.419 GC heap before
{Heap before GC invocations=5 (full 1):
 def new generation   total 39424K, used 39424K [0x04a00000, 0x074c0000, 0x0f4a0000)
  eden space 35072K, 100% used [0x04a00000, 0x06c40000, 0x06c40000)
  from space 4352K, 100% used [0x06c40000, 0x07080000, 0x07080000)
  to   space 4352K,   0% used [0x07080000, 0x07080000, 0x074c0000)
 tenured generation   total 87424K, used 18316K [0x0f4a0000, 0x14a00000, 0x24a00000)
   the space 87424K,  20% used [0x0f4a0000, 0x106831e8, 0x10683200, 0x14a00000)
 Metaspace       used 17928K, capacity 18405K, committed 18432K, reserved 18816K
Event: 64.429 GC heap after
Heap after GC invocations=6 (full 1):
 def new generation   total 39424K, used 1894K [0x04a00000, 0x074c0000, 0x0f4a0000)
  eden space 35072K,   0% used [0x04a00000, 0x04a00000, 0x06c40000)
  from space 4352K,  43% used [0x07080000, 0x07259980, 0x074c0000)
  to   space 4352K,   0% used [0x06c40000, 0x06c40000, 0x07080000)
 tenured generation   total 87424K, used 21306K [0x0f4a0000, 0x14a00000, 0x24a00000)
   the space 87424K,  24% used [0x0f4a0000, 0x1096ea38, 0x1096ec00, 0x14a00000)
 Metaspace       used 17928K, capacity 18405K, committed 18432K, reserved 18816K
}
Event: 88.881 GC heap before
{Heap before GC invocations=6 (full 1):
 def new generation   total 39424K, used 36451K [0x04a00000, 0x074c0000, 0x0f4a0000)
  eden space 35072K,  98% used [0x04a00000, 0x06bbf390, 0x06c40000)
  from space 4352K,  43% used [0x07080000, 0x07259980, 0x074c0000)
  to   space 4352K,   0% used [0x06c40000, 0x06c40000, 0x07080000)
 tenured generation   total 87424K, used 21306K [0x0f4a0000, 0x14a00000, 0x24a00000)
   the space 87424K,  24% used [0x0f4a0000, 0x1096ea38, 0x1096ec00, 0x14a00000)
 Metaspace       used 19973K, capacity 20439K, committed 20480K, reserved 20864K
Event: 88.941 GC heap after
Heap after GC invocations=7 (full 2):
 def new generation   total 39424K, used 0K [0x04a00000, 0x074c0000, 0x0f4a0000)
  eden space 35072K,   0% used [0x04a00000, 0x04a00000, 0x06c40000)
  from space 4352K,   0% used [0x07080000, 0x07080000, 0x074c0000)
  to   space 4352K,   0% used [0x06c40000, 0x06c40000, 0x07080000)
 tenured generation   total 87424K, used 26509K [0x0f4a0000, 0x14a00000, 0x24a00000)
   the space 87424K,  30% used [0x0f4a0000, 0x10e83548, 0x10e83600, 0x14a00000)
 Metaspace       used 19973K, capacity 20439K, committed 20480K, reserved 20864K
}

