# JRE version: Java(TM) SE Runtime Environment (8.0_92-b14) (build 1.8.0_92-b14)
# Java VM: Java HotSpot(TM) Client VM (25.92-b14 mixed mode windows-x86 )
Heap:
 def new generation   total 39424K, used 25111K [0x04c00000, 0x076c0000, 0x0f6a0000)
  eden space 35072K,  70% used [0x04c00000, 0x064402c0, 0x06e40000)
  from space 4352K,   6% used [0x07280000, 0x072c5c38, 0x076c0000)
  to   space 4352K,   0% used [0x06e40000, 0x06e40000, 0x07280000)
 tenured generation   total 87424K, used 29396K [0x0f6a0000, 0x14c00000, 0x24c00000)
   the space 87424K,  33% used [0x0f6a0000, 0x113552d0, 0x11355400, 0x14c00000)
 Metaspace       used 18530K, capacity 19013K, committed 19072K, reserved 19840K
GC Heap History (10 events):
Event: 4.030 GC heap before
{Heap before GC invocations=3 (full 1):
 def new generation   total 39424K, used 35072K [0x04c00000, 0x076c0000, 0x0f6a0000)
  eden space 35072K, 100% used [0x04c00000, 0x06e40000, 0x06e40000)
  from space 4352K,   0% used [0x06e40000, 0x06e40000, 0x07280000)
  to   space 4352K,   0% used [0x07280000, 0x07280000, 0x076c0000)
 tenured generation   total 87424K, used 13127K [0x0f6a0000, 0x14c00000, 0x24c00000)
   the space 87424K,  15% used [0x0f6a0000, 0x10371c50, 0x10371e00, 0x14c00000)
 Metaspace       used 15736K, capacity 16164K, committed 16256K, reserved 16768K
Event: 4.042 GC heap after
Heap after GC invocations=4 (full 1):
 def new generation   total 39424K, used 4352K [0x04c00000, 0x076c0000, 0x0f6a0000)
  eden space 35072K,   0% used [0x04c00000, 0x04c00000, 0x06e40000)
  from space 4352K, 100% used [0x07280000, 0x076c0000, 0x076c0000)
  to   space 4352K,   0% used [0x06e40000, 0x06e40000, 0x07280000)
 tenured generation   total 87424K, used 14600K [0x0f6a0000, 0x14c00000, 0x24c00000)
   the space 87424K,  16% used [0x0f6a0000, 0x104e2048, 0x104e2200, 0x14c00000)
 Metaspace       used 15736K, capacity 16164K, committed 16256K, reserved 16768K
}
Event: 101.768 GC heap before
{Heap before GC invocations=4 (full 1):
 def new generation   total 39424K, used 39424K [0x04c00000, 0x076c0000, 0x0f6a0000)
  eden space 35072K, 100% used [0x04c00000, 0x06e40000, 0x06e40000)
  from space 4352K, 100% used [0x07280000, 0x076c0000, 0x076c0000)
  to   space 4352K,   0% used [0x06e40000, 0x06e40000, 0x07280000)
 tenured generation   total 87424K, used 14600K [0x0f6a0000, 0x14c00000, 0x24c00000)
   the space 87424K,  16% used [0x0f6a0000, 0x104e2048, 0x104e2200, 0x14c00000)
 Metaspace       used 18118K, capacity 18617K, committed 18688K, reserved 18816K
Event: 101.814 GC heap after
Heap after GC invocations=5 (full 1):
 def new generation   total 39424K, used 4352K [0x04c00000, 0x076c0000, 0x0f6a0000)
  eden space 35072K,   0% used [0x04c00000, 0x04c00000, 0x06e40000)
  from space 4352K, 100% used [0x06e40000, 0x07280000, 0x07280000)
  to   space 4352K,   0% used [0x07280000, 0x07280000, 0x076c0000)
 tenured generation   total 87424K, used 20629K [0x0f6a0000, 0x14c00000, 0x24c00000)
   the space 87424K,  23% used [0x0f6a0000, 0x10ac5538, 0x10ac5600, 0x14c00000)
 Metaspace       used 18118K, capacity 18617K, committed 18688K, reserved 18816K
}
Event: 488.268 GC heap before
{Heap before GC invocations=5 (full 1):
 def new generation   total 39424K, used 39424K [0x04c00000, 0x076c0000, 0x0f6a0000)
  eden space 35072K, 100% used [0x04c00000, 0x06e40000, 0x06e40000)
  from space 4352K, 100% used [0x06e40000, 0x07280000, 0x07280000)
  to   space 4352K,   0% used [0x07280000, 0x07280000, 0x076c0000)
 tenured generation   total 87424K, used 20629K [0x0f6a0000, 0x14c00000, 0x24c00000)
   the space 87424K,  23% used [0x0f6a0000, 0x10ac5538, 0x10ac5600, 0x14c00000)
 Metaspace       used 18175K, capacity 18654K, committed 18688K, reserved 18816K
Event: 488.278 GC heap after
Heap after GC invocations=6 (full 1):
 def new generation   total 39424K, used 1892K [0x04c00000, 0x076c0000, 0x0f6a0000)
  eden space 35072K,   0% used [0x04c00000, 0x04c00000, 0x06e40000)
  from space 4352K,  43% used [0x07280000, 0x074592e8, 0x076c0000)
  to   space 4352K,   0% used [0x06e40000, 0x06e40000, 0x07280000)
 tenured generation   total 87424K, used 24059K [0x0f6a0000, 0x14c00000, 0x24c00000)
   the space 87424K,  27% used [0x0f6a0000, 0x10e1ed68, 0x10e1ee00, 0x14c00000)
 Metaspace       used 18175K, capacity 18654K, committed 18688K, reserved 18816K
}
Event: 635.992 GC heap before
{Heap before GC invocations=6 (full 1):
 def new generation   total 39424K, used 36964K [0x04c00000, 0x076c0000, 0x0f6a0000)
  eden space 35072K, 100% used [0x04c00000, 0x06e40000, 0x06e40000)
  from space 4352K,  43% used [0x07280000, 0x074592e8, 0x076c0000)
  to   space 4352K,   0% used [0x06e40000, 0x06e40000, 0x07280000)
 tenured generation   total 87424K, used 24059K [0x0f6a0000, 0x14c00000, 0x24c00000)
   the space 87424K,  27% used [0x0f6a0000, 0x10e1ed68, 0x10e1ee00, 0x14c00000)
 Metaspace       used 18530K, capacity 19013K, committed 19072K, reserved 19840K
Event: 636.010 GC heap after
Heap after GC invocations=7 (full 1):
 def new generation   total 39424K, used 3567K [0x04c00000, 0x076c0000, 0x0f6a0000)
  eden space 35072K,   0% used [0x04c00000, 0x04c00000, 0x06e40000)
  from space 4352K,  81% used [0x06e40000, 0x071bbd88, 0x07280000)
  to   space 4352K,   0% used [0x07280000, 0x07280000, 0x076c0000)
 tenured generation   total 87424K, used 26107K [0x0f6a0000, 0x14c00000, 0x24c00000)
   the space 87424K,  29% used [0x0f6a0000, 0x1101ed78, 0x1101ee00, 0x14c00000)
 Metaspace       used 18530K, capacity 19013K, committed 19072K, reserved 19840K
}
Event: 861.329 GC heap before
{Heap before GC invocations=7 (full 1):
 def new generation   total 39424K, used 38639K [0x04c00000, 0x076c0000, 0x0f6a0000)
  eden space 35072K, 100% used [0x04c00000, 0x06e40000, 0x06e40000)
  from space 4352K,  81% used [0x06e40000, 0x071bbd88, 0x07280000)
  to   space 4352K,   0% used [0x07280000, 0x07280000, 0x076c0000)
 tenured generation   total 87424K, used 26107K [0x0f6a0000, 0x14c00000, 0x24c00000)
   the space 87424K,  29% used [0x0f6a0000, 0x1101ed78, 0x1101ee00, 0x14c00000)
 Metaspace       used 18530K, capacity 19013K, committed 19072K, reserved 19840K
Event: 861.345 GC heap after
Heap after GC invocations=8 (full 1):
 def new generation   total 39424K, used 279K [0x04c00000, 0x076c0000, 0x0f6a0000)
  eden space 35072K,   0% used [0x04c00000, 0x04c00000, 0x06e40000)
  from space 4352K,   6% used [0x07280000, 0x072c5c38, 0x076c0000)
  to   space 4352K,   0% used [0x06e40000, 0x06e40000, 0x07280000)
 tenured generation   total 87424K, used 29396K [0x0f6a0000, 0x14c00000, 0x24c00000)
   the space 87424K,  33% used [0x0f6a0000, 0x113552d0, 0x11355400, 0x14c00000)
 Metaspace       used 18530K, capacity 19013K, committed 19072K, reserved 19840K
}

