# JRE version: Java(TM) SE Runtime Environment (8.0_92-b14) (build 1.8.0_92-b14)
# Java VM: Java HotSpot(TM) Client VM (25.92-b14 mixed mode windows-x86 )
Heap:
 def new generation   total 39424K, used 9520K [0x04800000, 0x072c0000, 0x0f2a0000)
  eden space 35072K,  27% used [0x04800000, 0x0514a868, 0x06a40000)
  from space 4352K,   0% used [0x06a40000, 0x06a419d8, 0x06e80000)
  to   space 4352K,   0% used [0x06e80000, 0x06e80000, 0x072c0000)
 tenured generation   total 87424K, used 37827K [0x0f2a0000, 0x14800000, 0x24800000)
   the space 87424K,  43% used [0x0f2a0000, 0x11790ee8, 0x11791000, 0x14800000)
 Metaspace       used 19476K, capacity 19964K, committed 20096K, reserved 20864K
GC Heap History (10 events):
Event: 1791.788 GC heap before
{Heap before GC invocations=6 (full 1):
 def new generation   total 39424K, used 36716K [0x04800000, 0x072c0000, 0x0f2a0000)
  eden space 35072K, 100% used [0x04800000, 0x06a40000, 0x06a40000)
  from space 4352K,  37% used [0x06e80000, 0x0701b2f0, 0x072c0000)
  to   space 4352K,   0% used [0x06a40000, 0x06a40000, 0x06e80000)
 tenured generation   total 87424K, used 29879K [0x0f2a0000, 0x14800000, 0x24800000)
   the space 87424K,  34% used [0x0f2a0000, 0x10fcdfd8, 0x10fce000, 0x14800000)
 Metaspace       used 19471K, capacity 19964K, committed 20096K, reserved 20864K
Event: 1791.807 GC heap after
Heap after GC invocations=7 (full 1):
 def new generation   total 39424K, used 2246K [0x04800000, 0x072c0000, 0x0f2a0000)
  eden space 35072K,   0% used [0x04800000, 0x04800000, 0x06a40000)
  from space 4352K,  51% used [0x06a40000, 0x06c719c0, 0x06e80000)
  to   space 4352K,   0% used [0x06e80000, 0x06e80000, 0x072c0000)
 tenured generation   total 87424K, used 29879K [0x0f2a0000, 0x14800000, 0x24800000)
   the space 87424K,  34% used [0x0f2a0000, 0x10fcdfd8, 0x10fce000, 0x14800000)
 Metaspace       used 19471K, capacity 19964K, committed 20096K, reserved 20864K
}
Event: 3087.038 GC heap before
{Heap before GC invocations=7 (full 1):
 def new generation   total 39424K, used 37318K [0x04800000, 0x072c0000, 0x0f2a0000)
  eden space 35072K, 100% used [0x04800000, 0x06a40000, 0x06a40000)
  from space 4352K,  51% used [0x06a40000, 0x06c719c0, 0x06e80000)
  to   space 4352K,   0% used [0x06e80000, 0x06e80000, 0x072c0000)
 tenured generation   total 87424K, used 29879K [0x0f2a0000, 0x14800000, 0x24800000)
   the space 87424K,  34% used [0x0f2a0000, 0x10fcdfd8, 0x10fce000, 0x14800000)
 Metaspace       used 19471K, capacity 19964K, committed 20096K, reserved 20864K
Event: 3087.047 GC heap after
Heap after GC invocations=8 (full 1):
 def new generation   total 39424K, used 2072K [0x04800000, 0x072c0000, 0x0f2a0000)
  eden space 35072K,   0% used [0x04800000, 0x04800000, 0x06a40000)
  from space 4352K,  47% used [0x06e80000, 0x07086250, 0x072c0000)
  to   space 4352K,   0% used [0x06a40000, 0x06a40000, 0x06e80000)
 tenured generation   total 87424K, used 31338K [0x0f2a0000, 0x14800000, 0x24800000)
   the space 87424K,  35% used [0x0f2a0000, 0x1113ab18, 0x1113ac00, 0x14800000)
 Metaspace       used 19471K, capacity 19964K, committed 20096K, reserved 20864K
}
Event: 4164.633 GC heap before
{Heap before GC invocations=8 (full 1):
 def new generation   total 39424K, used 37144K [0x04800000, 0x072c0000, 0x0f2a0000)
  eden space 35072K, 100% used [0x04800000, 0x06a40000, 0x06a40000)
  from space 4352K,  47% used [0x06e80000, 0x07086250, 0x072c0000)
  to   space 4352K,   0% used [0x06a40000, 0x06a40000, 0x06e80000)
 tenured generation   total 87424K, used 31338K [0x0f2a0000, 0x14800000, 0x24800000)
   the space 87424K,  35% used [0x0f2a0000, 0x1113ab18, 0x1113ac00, 0x14800000)
 Metaspace       used 19471K, capacity 19964K, committed 20096K, reserved 20864K
Event: 4164.637 GC heap after
Heap after GC invocations=9 (full 1):
 def new generation   total 39424K, used 2323K [0x04800000, 0x072c0000, 0x0f2a0000)
  eden space 35072K,   0% used [0x04800000, 0x04800000, 0x06a40000)
  from space 4352K,  53% used [0x06a40000, 0x06c84f38, 0x06e80000)
  to   space 4352K,   0% used [0x06e80000, 0x06e80000, 0x072c0000)
 tenured generation   total 87424K, used 31338K [0x0f2a0000, 0x14800000, 0x24800000)
   the space 87424K,  35% used [0x0f2a0000, 0x1113ab18, 0x1113ac00, 0x14800000)
 Metaspace       used 19471K, capacity 19964K, committed 20096K, reserved 20864K
}
Event: 5483.558 GC heap before
{Heap before GC invocations=9 (full 1):
 def new generation   total 39424K, used 37395K [0x04800000, 0x072c0000, 0x0f2a0000)
  eden space 35072K, 100% used [0x04800000, 0x06a40000, 0x06a40000)
  from space 4352K,  53% used [0x06a40000, 0x06c84f38, 0x06e80000)
  to   space 4352K,   0% used [0x06e80000, 0x06e80000, 0x072c0000)
 tenured generation   total 87424K, used 31338K [0x0f2a0000, 0x14800000, 0x24800000)
   the space 87424K,  35% used [0x0f2a0000, 0x1113ab18, 0x1113ac00, 0x14800000)
 Metaspace       used 19473K, capacity 19964K, committed 20096K, reserved 20864K
Event: 5483.568 GC heap after
Heap after GC invocations=10 (full 1):
 def new generation   total 39424K, used 4343K [0x04800000, 0x072c0000, 0x0f2a0000)
  eden space 35072K,   0% used [0x04800000, 0x04800000, 0x06a40000)
  from space 4352K,  99% used [0x06e80000, 0x072bdf68, 0x072c0000)
  to   space 4352K,   0% used [0x06a40000, 0x06a40000, 0x06e80000)
 tenured generation   total 87424K, used 33488K [0x0f2a0000, 0x14800000, 0x24800000)
   the space 87424K,  38% used [0x0f2a0000, 0x113541b8, 0x11354200, 0x14800000)
 Metaspace       used 19473K, capacity 19964K, committed 20096K, reserved 20864K
}
Event: 8130.016 GC heap before
{Heap before GC invocations=10 (full 1):
 def new generation   total 39424K, used 39415K [0x04800000, 0x072c0000, 0x0f2a0000)
  eden space 35072K, 100% used [0x04800000, 0x06a40000, 0x06a40000)
  from space 4352K,  99% used [0x06e80000, 0x072bdf68, 0x072c0000)
  to   space 4352K,   0% used [0x06a40000, 0x06a40000, 0x06e80000)
 tenured generation   total 87424K, used 33488K [0x0f2a0000, 0x14800000, 0x24800000)
   the space 87424K,  38% used [0x0f2a0000, 0x113541b8, 0x11354200, 0x14800000)
 Metaspace       used 19476K, capacity 19964K, committed 20096K, reserved 20864K
Event: 8130.048 GC heap after
Heap after GC invocations=11 (full 1):
 def new generation   total 39424K, used 6K [0x04800000, 0x072c0000, 0x0f2a0000)
  eden space 35072K,   0% used [0x04800000, 0x04800000, 0x06a40000)
  from space 4352K,   0% used [0x06a40000, 0x06a419d8, 0x06e80000)
  to   space 4352K,   0% used [0x06e80000, 0x06e80000, 0x072c0000)
 tenured generation   total 87424K, used 37827K [0x0f2a0000, 0x14800000, 0x24800000)
   the space 87424K,  43% used [0x0f2a0000, 0x11790ee8, 0x11791000, 0x14800000)
 Metaspace       used 19476K, capacity 19964K, committed 20096K, reserved 20864K
}

