# JRE version: Java(TM) SE Runtime Environment (8.0_92-b14) (build 1.8.0_92-b14)
# Java VM: Java HotSpot(TM) Client VM (25.92-b14 mixed mode windows-x86 )
Heap:
 def new generation   total 39424K, used 31700K [0x04600000, 0x070c0000, 0x0f0a0000)
  eden space 35072K,  85% used [0x04600000, 0x06332588, 0x06840000)
  from space 4352K,  41% used [0x06c80000, 0x06e42d58, 0x070c0000)
  to   space 4352K,   0% used [0x06840000, 0x06840000, 0x06c80000)
 tenured generation   total 87424K, used 25485K [0x0f0a0000, 0x14600000, 0x24600000)
   the space 87424K,  29% used [0x0f0a0000, 0x10983628, 0x10983800, 0x14600000)
 Metaspace       used 19427K, capacity 19927K, committed 19968K, reserved 20864K
GC Heap History (10 events):
Event: 1.606 GC heap before
{Heap before GC invocations=1 (full 0):
 def new generation   total 39296K, used 39296K [0x04600000, 0x070a0000, 0x0f0a0000)
  eden space 34944K, 100% used [0x04600000, 0x06820000, 0x06820000)
  from space 4352K, 100% used [0x06c60000, 0x070a0000, 0x070a0000)
  to   space 4352K,   0% used [0x06820000, 0x06820000, 0x06c60000)
 tenured generation   total 87424K, used 2793K [0x0f0a0000, 0x14600000, 0x24600000)
   the space 87424K,   3% used [0x0f0a0000, 0x0f35a5c8, 0x0f35a600, 0x14600000)
 Metaspace       used 11463K, capacity 11859K, committed 11904K, reserved 12672K
Event: 1.625 GC heap after
Heap after GC invocations=2 (full 0):
 def new generation   total 39296K, used 4352K [0x04600000, 0x070a0000, 0x0f0a0000)
  eden space 34944K,   0% used [0x04600000, 0x04600000, 0x06820000)
  from space 4352K, 100% used [0x06820000, 0x06c60000, 0x06c60000)
  to   space 4352K,   0% used [0x06c60000, 0x06c60000, 0x070a0000)
 tenured generation   total 87424K, used 8374K [0x0f0a0000, 0x14600000, 0x24600000)
   the space 87424K,   9% used [0x0f0a0000, 0x0f8cd8e8, 0x0f8cda00, 0x14600000)
 Metaspace       used 11463K, capacity 11859K, committed 11904K, reserved 12672K
}
Event: 1.928 GC heap before
{Heap before GC invocations=2 (full 0):
 def new generation   total 39296K, used 18368K [0x04600000, 0x070a0000, 0x0f0a0000)
  eden space 34944K,  40% used [0x04600000, 0x053b0060, 0x06820000)
  from space 4352K, 100% used [0x06820000, 0x06c60000, 0x06c60000)
  to   space 4352K,   0% used [0x06c60000, 0x06c60000, 0x070a0000)
 tenured generation   total 87424K, used 8374K [0x0f0a0000, 0x14600000, 0x24600000)
   the space 87424K,   9% used [0x0f0a0000, 0x0f8cd8e8, 0x0f8cda00, 0x14600000)
 Metaspace       used 11879K, capacity 12251K, committed 12288K, reserved 12672K
Event: 1.953 GC heap after
Heap after GC invocations=3 (full 1):
 def new generation   total 39424K, used 0K [0x04600000, 0x070c0000, 0x0f0a0000)
  eden space 35072K,   0% used [0x04600000, 0x04600000, 0x06840000)
  from space 4352K,   0% used [0x06840000, 0x06840000, 0x06c80000)
  to   space 4352K,   0% used [0x06c80000, 0x06c80000, 0x070c0000)
 tenured generation   total 87424K, used 13192K [0x0f0a0000, 0x14600000, 0x24600000)
   the space 87424K,  15% used [0x0f0a0000, 0x0fd82330, 0x0fd82400, 0x14600000)
 Metaspace       used 11879K, capacity 12251K, committed 12288K, reserved 12672K
}
Event: 3.023 GC heap before
{Heap before GC invocations=3 (full 1):
 def new generation   total 39424K, used 35072K [0x04600000, 0x070c0000, 0x0f0a0000)
  eden space 35072K, 100% used [0x04600000, 0x06840000, 0x06840000)
  from space 4352K,   0% used [0x06840000, 0x06840000, 0x06c80000)
  to   space 4352K,   0% used [0x06c80000, 0x06c80000, 0x070c0000)
 tenured generation   total 87424K, used 13192K [0x0f0a0000, 0x14600000, 0x24600000)
   the space 87424K,  15% used [0x0f0a0000, 0x0fd82330, 0x0fd82400, 0x14600000)
 Metaspace       used 15707K, capacity 16154K, committed 16256K, reserved 16768K
Event: 3.034 GC heap after
Heap after GC invocations=4 (full 1):
 def new generation   total 39424K, used 4352K [0x04600000, 0x070c0000, 0x0f0a0000)
  eden space 35072K,   0% used [0x04600000, 0x04600000, 0x06840000)
  from space 4352K, 100% used [0x06c80000, 0x070c0000, 0x070c0000)
  to   space 4352K,   0% used [0x06840000, 0x06840000, 0x06c80000)
 tenured generation   total 87424K, used 14677K [0x0f0a0000, 0x14600000, 0x24600000)
   the space 87424K,  16% used [0x0f0a0000, 0x0fef54a8, 0x0fef5600, 0x14600000)
 Metaspace       used 15707K, capacity 16154K, committed 16256K, reserved 16768K
}
Event: 71.525 GC heap before
{Heap before GC invocations=4 (full 1):
 def new generation   total 39424K, used 39424K [0x04600000, 0x070c0000, 0x0f0a0000)
  eden space 35072K, 100% used [0x04600000, 0x06840000, 0x06840000)
  from space 4352K, 100% used [0x06c80000, 0x070c0000, 0x070c0000)
  to   space 4352K,   0% used [0x06840000, 0x06840000, 0x06c80000)
 tenured generation   total 87424K, used 14677K [0x0f0a0000, 0x14600000, 0x24600000)
   the space 87424K,  16% used [0x0f0a0000, 0x0fef54a8, 0x0fef5600, 0x14600000)
 Metaspace       used 18898K, capacity 19360K, committed 19456K, reserved 19840K
Event: 71.573 GC heap after
Heap after GC invocations=5 (full 1):
 def new generation   total 39424K, used 4352K [0x04600000, 0x070c0000, 0x0f0a0000)
  eden space 35072K,   0% used [0x04600000, 0x04600000, 0x06840000)
  from space 4352K, 100% used [0x06840000, 0x06c80000, 0x06c80000)
  to   space 4352K,   0% used [0x06c80000, 0x06c80000, 0x070c0000)
 tenured generation   total 87424K, used 21952K [0x0f0a0000, 0x14600000, 0x24600000)
   the space 87424K,  25% used [0x0f0a0000, 0x106100c0, 0x10610200, 0x14600000)
 Metaspace       used 18898K, capacity 19360K, committed 19456K, reserved 19840K
}
Event: 3615.935 GC heap before
{Heap before GC invocations=5 (full 1):
 def new generation   total 39424K, used 39424K [0x04600000, 0x070c0000, 0x0f0a0000)
  eden space 35072K, 100% used [0x04600000, 0x06840000, 0x06840000)
  from space 4352K, 100% used [0x06840000, 0x06c80000, 0x06c80000)
  to   space 4352K,   0% used [0x06c80000, 0x06c80000, 0x070c0000)
 tenured generation   total 87424K, used 21952K [0x0f0a0000, 0x14600000, 0x24600000)
   the space 87424K,  25% used [0x0f0a0000, 0x106100c0, 0x10610200, 0x14600000)
 Metaspace       used 19423K, capacity 19927K, committed 19968K, reserved 20864K
Event: 3615.953 GC heap after
Heap after GC invocations=6 (full 1):
 def new generation   total 39424K, used 1803K [0x04600000, 0x070c0000, 0x0f0a0000)
  eden space 35072K,   0% used [0x04600000, 0x04600000, 0x06840000)
  from space 4352K,  41% used [0x06c80000, 0x06e42d58, 0x070c0000)
  to   space 4352K,   0% used [0x06840000, 0x06840000, 0x06c80000)
 tenured generation   total 87424K, used 25485K [0x0f0a0000, 0x14600000, 0x24600000)
   the space 87424K,  29% used [0x0f0a0000, 0x10983628, 0x10983800, 0x14600000)
 Metaspace       used 19423K, capacity 19927K, committed 19968K, reserved 20864K
}

